{"meta": {"format": 3, "version": "7.13.2", "timestamp": "2026-03-02T21:03:26.265451", "branch_coverage": false, "show_contexts": false}, "files": {"sfce\\__init__.py": {"executed_lines": [2], "summary": {"covered_lines": 1, "num_statements": 1, "percent_covered": 100.0, "percent_covered_display": "100", "missing_lines": 0, "excluded_lines": 0, "percent_statements_covered": 100.0, "percent_statements_covered_display": "100"}, "missing_lines": [], "excluded_lines": [], "functions": {"": {"executed_lines": [2], "summary": {"covered_lines": 1, "num_statements": 1, "percent_covered": 100.0, "percent_covered_display": "100", "missing_lines": 0, "excluded_lines": 0, "percent_statements_covered": 100.0, "percent_statements_covered_display": "100"}, "missing_lines": [], "excluded_lines": [], "start_line": 1}}, "classes": {"": {"executed_lines": [2], "summary": {"covered_lines": 1, "num_statements": 1, "percent_covered": 100.0, "percent_covered_display": "100", "missing_lines": 0, "excluded_lines": 0, "percent_statements_covered": 100.0, "percent_statements_covered_display": "100"}, "missing_lines": [], "excluded_lines": [], "start_line": 1}}}, "sfce\\analytics\\__init__.py": {"executed_lines": [], "summary": {"covered_lines": 0, "num_statements": 0, "percent_covered": 100.0, "percent_covered_display": "100", "missing_lines": 0, "excluded_lines": 0, "percent_statements_covered": 100.0, "percent_statements_covered_display": "100"}, "missing_lines": [], "excluded_lines": [], "functions": {"": {"executed_lines": [], "summary": {"covered_lines": 0, "num_statements": 0, "percent_covered": 100.0, "percent_covered_display": "100", "missing_lines": 0, "excluded_lines": 0, "percent_statements_covered": 100.0, "percent_statements_covered_display": "100"}, "missing_lines": [], "excluded_lines": [], "start_line": 1}}, "classes": {"": {"executed_lines": [], "summary": {"covered_lines": 0, "num_statements": 0, "percent_covered": 100.0, "percent_covered_display": "100", "missing_lines": 0, "excluded_lines": 0, "percent_statements_covered": 100.0, "percent_statements_covered_display": "100"}, "missing_lines": [], "excluded_lines": [], "start_line": 1}}}, "sfce\\analytics\\autopilot.py": {"executed_lines": [2, 3, 4, 5, 6, 8, 9, 10, 12, 15, 16, 17, 18, 19, 20, 21, 22, 23, 26, 31, 32, 33, 36, 37, 41, 47, 48, 52, 58, 63, 72, 73, 75, 76, 77, 80, 83, 84, 85, 88, 89, 90, 92, 93, 95, 96, 97, 100, 102, 103, 104, 105, 108, 110, 121, 122, 125, 126, 127, 128, 130, 133, 134, 135, 136, 137, 139, 140, 141, 142], "summary": {"covered_lines": 70, "num_statements": 77, "percent_covered": 90.9090909090909, "percent_covered_display": "91", "missing_lines": 7, "excluded_lines": 0, "percent_statements_covered": 90.9090909090909, "percent_statements_covered_display": "91"}, "missing_lines": [38, 49, 78, 98, 106, 129, 138], "excluded_lines": [], "functions": {"generar_briefing": {"executed_lines": [31, 32, 33, 36, 37, 41, 47, 48, 52, 58, 63, 72, 73, 75, 76, 77, 80, 83, 84, 85, 88, 89, 90, 92, 93, 95, 96, 97, 100, 102, 103, 104, 105, 108, 110, 121, 122], "summary": {"covered_lines": 37, "num_statements": 42, "percent_covered": 88.0952380952381, "percent_covered_display": "88", "missing_lines": 5, "excluded_lines": 0, "percent_statements_covered": 88.0952380952381, "percent_statements_covered_display": "88"}, "missing_lines": [38, 49, 78, 98, 106], "excluded_lines": [], "start_line": 26}, "_titulo_briefing": {"executed_lines": [126, 127, 128, 130], "summary": {"covered_lines": 4, "num_statements": 5, "percent_covered": 80.0, "percent_covered_display": "80", "missing_lines": 1, "excluded_lines": 0, "percent_statements_covered": 80.0, "percent_statements_covered_display": "80"}, "missing_lines": [129], "excluded_lines": [], "start_line": 125}, "_generar_borrador": {"executed_lines": [134, 135, 136, 137, 139, 140, 141, 142], "summary": {"covered_lines": 8, "num_statements": 9, "percent_covered": 88.88888888888889, "percent_covered_display": "89", "missing_lines": 1, "excluded_lines": 0, "percent_statements_covered": 88.88888888888889, "percent_statements_covered_display": "89"}, "missing_lines": [138], "excluded_lines": [], "start_line": 133}, "": {"executed_lines": [2, 3, 4, 5, 6, 8, 9, 10, 12, 15, 16, 17, 18, 19, 20, 21, 22, 23, 26, 125, 133], "summary": {"covered_lines": 21, "num_statements": 21, "percent_covered": 100.0, "percent_covered_display": "100", "missing_lines": 0, "excluded_lines": 0, "percent_statements_covered": 100.0, "percent_statements_covered_display": "100"}, "missing_lines": [], "excluded_lines": [], "start_line": 1}}, "classes": {"ItemBriefing": {"executed_lines": [], "summary": {"covered_lines": 0, "num_statements": 0, "percent_covered": 100.0, "percent_covered_display": "100", "missing_lines": 0, "excluded_lines": 0, "percent_statements_covered": 100.0, "percent_statements_covered_display": "100"}, "missing_lines": [], "excluded_lines": [], "start_line": 16}, "": {"executed_lines": [2, 3, 4, 5, 6, 8, 9, 10, 12, 15, 16, 17, 18, 19, 20, 21, 22, 23, 26, 31, 32, 33, 36, 37, 41, 47, 48, 52, 58, 63, 72, 73, 75, 76, 77, 80, 83, 84, 85, 88, 89, 90, 92, 93, 95, 96, 97, 100, 102, 103, 104, 105, 108, 110, 121, 122, 125, 126, 127, 128, 130, 133, 134, 135, 136, 137, 139, 140, 141, 142], "summary": {"covered_lines": 70, "num_statements": 77, "percent_covered": 90.9090909090909, "percent_covered_display": "91", "missing_lines": 7, "excluded_lines": 0, "percent_statements_covered": 90.9090909090909, "percent_statements_covered_display": "91"}, "missing_lines": [38, 49, 78, 98, 106, 129, 138], "excluded_lines": [], "start_line": 1}}}, "sfce\\analytics\\benchmark_engine.py": {"executed_lines": [6, 7, 8, 9, 12, 14, 17, 26, 27, 29, 31, 32, 33, 34, 35, 38, 43, 44, 46, 50, 51, 53, 54, 55, 56, 57, 59, 62, 63, 71, 73, 74, 75, 76, 77, 78, 79, 82, 87, 89, 90, 93], "summary": {"covered_lines": 42, "num_statements": 47, "percent_covered": 89.36170212765957, "percent_covered_display": "89", "missing_lines": 5, "excluded_lines": 0, "percent_statements_covered": 89.36170212765957, "percent_statements_covered_display": "89"}, "missing_lines": [28, 30, 60, 84, 94], "excluded_lines": [], "functions": {"_percentil": {"executed_lines": [26, 27, 29, 31, 32, 33, 34, 35], "summary": {"covered_lines": 8, "num_statements": 10, "percent_covered": 80.0, "percent_covered_display": "80", "missing_lines": 2, "excluded_lines": 0, "percent_statements_covered": 80.0, "percent_statements_covered_display": "80"}, "missing_lines": [28, 30], "excluded_lines": [], "start_line": 17}, "calcular_percentiles_sector": {"executed_lines": [43, 44, 46, 50, 51, 53, 54, 55, 56, 57, 59, 62, 63], "summary": {"covered_lines": 13, "num_statements": 14, "percent_covered": 92.85714285714286, "percent_covered_display": "93", "missing_lines": 1, "excluded_lines": 0, "percent_statements_covered": 92.85714285714286, "percent_statements_covered_display": "93"}, "missing_lines": [60], "excluded_lines": [], "start_line": 38}, "posicion_en_sector": {"executed_lines": [73, 74, 75, 76, 77, 78, 79], "summary": {"covered_lines": 7, "num_statements": 7, "percent_covered": 100.0, "percent_covered_display": "100", "missing_lines": 0, "excluded_lines": 0, "percent_statements_covered": 100.0, "percent_statements_covered_display": "100"}, "missing_lines": [], "excluded_lines": [], "start_line": 71}, "calcular_kpi_empresa": {"executed_lines": [], "summary": {"covered_lines": 0, "num_statements": 1, "percent_covered": 0.0, "percent_covered_display": "0", "missing_lines": 1, "excluded_lines": 0, "percent_statements_covered": 0.0, "percent_statements_covered_display": "0"}, "missing_lines": [84], "excluded_lines": [], "start_line": 82}, "_calcular_kpi_empresa": {"executed_lines": [89, 90, 93], "summary": {"covered_lines": 3, "num_statements": 4, "percent_covered": 75.0, "percent_covered_display": "75", "missing_lines": 1, "excluded_lines": 0, "percent_statements_covered": 75.0, "percent_statements_covered_display": "75"}, "missing_lines": [94], "excluded_lines": [], "start_line": 87}, "": {"executed_lines": [6, 7, 8, 9, 12, 14, 17, 38, 71, 82, 87], "summary": {"covered_lines": 11, "num_statements": 11, "percent_covered": 100.0, "percent_covered_display": "100", "missing_lines": 0, "excluded_lines": 0, "percent_statements_covered": 100.0, "percent_statements_covered_display": "100"}, "missing_lines": [], "excluded_lines": [], "start_line": 1}}, "classes": {"": {"executed_lines": [6, 7, 8, 9, 12, 14, 17, 26, 27, 29, 31, 32, 33, 34, 35, 38, 43, 44, 46, 50, 51, 53, 54, 55, 56, 57, 59, 62, 63, 71, 73, 74, 75, 76, 77, 78, 79, 82, 87, 89, 90, 93], "summary": {"covered_lines": 42, "num_statements": 47, "percent_covered": 89.36170212765957, "percent_covered_display": "89", "missing_lines": 5, "excluded_lines": 0, "percent_statements_covered": 89.36170212765957, "percent_statements_covered_display": "89"}, "missing_lines": [28, 30, 60, 84, 94], "excluded_lines": [], "start_line": 1}}}, "sfce\\analytics\\event_store.py": {"executed_lines": [2, 3, 4, 5, 8, 10, 17, 18, 19], "summary": {"covered_lines": 9, "num_statements": 9, "percent_covered": 100.0, "percent_covered_display": "100", "missing_lines": 0, "excluded_lines": 0, "percent_statements_covered": 100.0, "percent_statements_covered_display": "100"}, "missing_lines": [], "excluded_lines": [], "functions": {"registrar": {"executed_lines": [10, 17, 18, 19], "summary": {"covered_lines": 4, "num_statements": 4, "percent_covered": 100.0, "percent_covered_display": "100", "missing_lines": 0, "excluded_lines": 0, "percent_statements_covered": 100.0, "percent_statements_covered_display": "100"}, "missing_lines": [], "excluded_lines": [], "start_line": 8}, "": {"executed_lines": [2, 3, 4, 5, 8], "summary": {"covered_lines": 5, "num_statements": 5, "percent_covered": 100.0, "percent_covered_display": "100", "missing_lines": 0, "excluded_lines": 0, "percent_statements_covered": 100.0, "percent_statements_covered_display": "100"}, "missing_lines": [], "excluded_lines": [], "start_line": 1}}, "classes": {"": {"executed_lines": [2, 3, 4, 5, 8, 10, 17, 18, 19], "summary": {"covered_lines": 9, "num_statements": 9, "percent_covered": 100.0, "percent_covered_display": "100", "missing_lines": 0, "excluded_lines": 0, "percent_statements_covered": 100.0, "percent_statements_covered_display": "100"}, "missing_lines": [], "excluded_lines": [], "start_line": 1}}}, "sfce\\analytics\\ingestor.py": {"executed_lines": [2, 3, 4, 5, 6, 7, 12, 13, 14, 16, 18, 20, 21, 22, 24, 26, 36, 37, 38, 39, 41, 43, 59, 61, 62, 73, 75, 89, 108, 109, 110, 111, 116], "summary": {"covered_lines": 33, "num_statements": 59, "percent_covered": 55.932203389830505, "percent_covered_display": "56", "missing_lines": 26, "excluded_lines": 0, "percent_statements_covered": 55.932203389830505, "percent_statements_covered_display": "56"}, "missing_lines": [23, 27, 28, 29, 30, 31, 32, 33, 34, 40, 42, 76, 77, 87, 90, 91, 92, 93, 94, 95, 96, 106, 112, 113, 114, 115], "excluded_lines": [], "functions": {"Ingestor.__init__": {"executed_lines": [14], "summary": {"covered_lines": 1, "num_statements": 1, "percent_covered": 100.0, "percent_covered_display": "100", "missing_lines": 0, "excluded_lines": 0, "percent_statements_covered": 100.0, "percent_statements_covered_display": "100"}, "missing_lines": [], "excluded_lines": [], "start_line": 13}, "Ingestor.registrar_evento": {"executed_lines": [18], "summary": {"covered_lines": 1, "num_statements": 1, "percent_covered": 100.0, "percent_covered_display": "100", "missing_lines": 0, "excluded_lines": 0, "percent_statements_covered": 100.0, "percent_statements_covered_display": "100"}, "missing_lines": [], "excluded_lines": [], "start_line": 16}, "Ingestor.procesar_evento": {"executed_lines": [21, 22, 24], "summary": {"covered_lines": 3, "num_statements": 4, "percent_covered": 75.0, "percent_covered_display": "75", "missing_lines": 1, "excluded_lines": 0, "percent_statements_covered": 75.0, "percent_statements_covered_display": "75"}, "missing_lines": [23], "excluded_lines": [], "start_line": 20}, "Ingestor.procesar_pendientes": {"executed_lines": [], "summary": {"covered_lines": 0, "num_statements": 8, "percent_covered": 0.0, "percent_covered_display": "0", "missing_lines": 8, "excluded_lines": 0, "percent_statements_covered": 0.0, "percent_statements_covered_display": "0"}, "missing_lines": [27, 28, 29, 30, 31, 32, 33, 34], "excluded_lines": [], "start_line": 26}, "Ingestor._procesar_tpv": {"executed_lines": [37, 38, 39, 41, 43, 59, 61, 62, 73], "summary": {"covered_lines": 9, "num_statements": 11, "percent_covered": 81.81818181818181, "percent_covered_display": "82", "missing_lines": 2, "excluded_lines": 0, "percent_statements_covered": 81.81818181818181, "percent_statements_covered_display": "82"}, "missing_lines": [40, 42], "excluded_lines": [], "start_line": 36}, "Ingestor._procesar_ban": {"executed_lines": [], "summary": {"covered_lines": 0, "num_statements": 3, "percent_covered": 0.0, "percent_covered_display": "0", "missing_lines": 3, "excluded_lines": 0, "percent_statements_covered": 0.0, "percent_statements_covered_display": "0"}, "missing_lines": [76, 77, 87], "excluded_lines": [], "start_line": 75}, "Ingestor._procesar_nom": {"executed_lines": [], "summary": {"covered_lines": 0, "num_statements": 8, "percent_covered": 0.0, "percent_covered_display": "0", "missing_lines": 8, "excluded_lines": 0, "percent_statements_covered": 0.0, "percent_statements_covered_display": "0"}, "missing_lines": [90, 91, 92, 93, 94, 95, 96, 106], "excluded_lines": [], "start_line": 89}, "Ingestor._procesar_evento_obj": {"executed_lines": [109, 110, 111, 116], "summary": {"covered_lines": 4, "num_statements": 8, "percent_covered": 50.0, "percent_covered_display": "50", "missing_lines": 4, "excluded_lines": 0, "percent_statements_covered": 50.0, "percent_statements_covered_display": "50"}, "missing_lines": [112, 113, 114, 115], "excluded_lines": [], "start_line": 108}, "": {"executed_lines": [2, 3, 4, 5, 6, 7, 12, 13, 16, 20, 26, 36, 75, 89, 108], "summary": {"covered_lines": 15, "num_statements": 15, "percent_covered": 100.0, "percent_covered_display": "100", "missing_lines": 0, "excluded_lines": 0, "percent_statements_covered": 100.0, "percent_statements_covered_display": "100"}, "missing_lines": [], "excluded_lines": [], "start_line": 1}}, "classes": {"Ingestor": {"executed_lines": [14, 18, 21, 22, 24, 37, 38, 39, 41, 43, 59, 61, 62, 73, 109, 110, 111, 116], "summary": {"covered_lines": 18, "num_statements": 44, "percent_covered": 40.90909090909091, "percent_covered_display": "41", "missing_lines": 26, "excluded_lines": 0, "percent_statements_covered": 40.90909090909091, "percent_statements_covered_display": "41"}, "missing_lines": [23, 27, 28, 29, 30, 31, 32, 33, 34, 40, 42, 76, 77, 87, 90, 91, 92, 93, 94, 95, 96, 106, 112, 113, 114, 115], "excluded_lines": [], "start_line": 12}, "": {"executed_lines": [2, 3, 4, 5, 6, 7, 12, 13, 16, 20, 26, 36, 75, 89, 108], "summary": {"covered_lines": 15, "num_statements": 15, "percent_covered": 100.0, "percent_covered_display": "100", "missing_lines": 0, "excluded_lines": 0, "percent_statements_covered": 100.0, "percent_statements_covered_display": "100"}, "missing_lines": [], "excluded_lines": [], "start_line": 1}}}, "sfce\\analytics\\modelos_analiticos.py": {"executed_lines": [6, 7, 11, 14, 15, 19, 22, 24, 26, 27, 28, 29, 30, 31, 32, 34, 39, 41, 43, 44, 45, 46, 47, 48, 49, 50, 51, 52, 53, 54, 56, 61, 63, 65, 66, 67, 68, 69, 70, 71, 72, 73, 74, 76, 81, 83, 85, 86, 87, 88, 89, 90, 91, 92, 93, 95, 101, 103, 105, 106, 107, 108, 109, 110, 111, 112, 113, 115, 120, 122, 124, 125, 126, 127, 128, 129, 130, 131, 132, 133, 135], "summary": {"covered_lines": 81, "num_statements": 81, "percent_covered": 100.0, "percent_covered_display": "100", "missing_lines": 0, "excluded_lines": 0, "percent_statements_covered": 100.0, "percent_statements_covered_display": "100"}, "missing_lines": [], "excluded_lines": [], "functions": {"": {"executed_lines": [6, 7, 11, 14, 15, 19, 22, 24, 26, 27, 28, 29, 30, 31, 32, 34, 39, 41, 43, 44, 45, 46, 47, 48, 49, 50, 51, 52, 53, 54, 56, 61, 63, 65, 66, 67, 68, 69, 70, 71, 72, 73, 74, 76, 81, 83, 85, 86, 87, 88, 89, 90, 91, 92, 93, 95, 101, 103, 105, 106, 107, 108, 109, 110, 111, 112, 113, 115, 120, 122, 124, 125, 126, 127, 128, 129, 130, 131, 132, 133, 135], "summary": {"covered_lines": 81, "num_statements": 81, "percent_covered": 100.0, "percent_covered_display": "100", "missing_lines": 0, "excluded_lines": 0, "percent_statements_covered": 100.0, "percent_statements_covered_display": "100"}, "missing_lines": [], "excluded_lines": [], "start_line": 1}}, "classes": {"BaseAnalitica": {"executed_lines": [], "summary": {"covered_lines": 0, "num_statements": 0, "percent_covered": 100.0, "percent_covered_display": "100", "missing_lines": 0, "excluded_lines": 0, "percent_statements_covered": 100.0, "percent_statements_covered_display": "100"}, "missing_lines": [], "excluded_lines": [], "start_line": 14}, "EventoAnalitico": {"executed_lines": [], "summary": {"covered_lines": 0, "num_statements": 0, "percent_covered": 100.0, "percent_covered_display": "100", "missing_lines": 0, "excluded_lines": 0, "percent_statements_covered": 100.0, "percent_statements_covered_display": "100"}, "missing_lines": [], "excluded_lines": [], "start_line": 22}, "FactCaja": {"executed_lines": [], "summary": {"covered_lines": 0, "num_statements": 0, "percent_covered": 100.0, "percent_covered_display": "100", "missing_lines": 0, "excluded_lines": 0, "percent_statements_covered": 100.0, "percent_statements_covered_display": "100"}, "missing_lines": [], "excluded_lines": [], "start_line": 39}, "FactVenta": {"executed_lines": [], "summary": {"covered_lines": 0, "num_statements": 0, "percent_covered": 100.0, "percent_covered_display": "100", "missing_lines": 0, "excluded_lines": 0, "percent_statements_covered": 100.0, "percent_statements_covered_display": "100"}, "missing_lines": [], "excluded_lines": [], "start_line": 61}, "FactCompra": {"executed_lines": [], "summary": {"covered_lines": 0, "num_statements": 0, "percent_covered": 100.0, "percent_covered_display": "100", "missing_lines": 0, "excluded_lines": 0, "percent_statements_covered": 100.0, "percent_statements_covered_display": "100"}, "missing_lines": [], "excluded_lines": [], "start_line": 81}, "FactPersonal": {"executed_lines": [], "summary": {"covered_lines": 0, "num_statements": 0, "percent_covered": 100.0, "percent_covered_display": "100", "missing_lines": 0, "excluded_lines": 0, "percent_statements_covered": 100.0, "percent_statements_covered_display": "100"}, "missing_lines": [], "excluded_lines": [], "start_line": 101}, "AlertaAnalitica": {"executed_lines": [], "summary": {"covered_lines": 0, "num_statements": 0, "percent_covered": 100.0, "percent_covered_display": "100", "missing_lines": 0, "excluded_lines": 0, "percent_statements_covered": 100.0, "percent_statements_covered_display": "100"}, "missing_lines": [], "excluded_lines": [], "start_line": 120}, "": {"executed_lines": [6, 7, 11, 14, 15, 19, 22, 24, 26, 27, 28, 29, 30, 31, 32, 34, 39, 41, 43, 44, 45, 46, 47, 48, 49, 50, 51, 52, 53, 54, 56, 61, 63, 65, 66, 67, 68, 69, 70, 71, 72, 73, 74, 76, 81, 83, 85, 86, 87, 88, 89, 90, 91, 92, 93, 95, 101, 103, 105, 106, 107, 108, 109, 110, 111, 112, 113, 115, 120, 122, 124, 125, 126, 127, 128, 129, 130, 131, 132, 133, 135], "summary": {"covered_lines": 81, "num_statements": 81, "percent_covered": 100.0, "percent_covered_display": "100", "missing_lines": 0, "excluded_lines": 0, "percent_statements_covered": 100.0, "percent_statements_covered_display": "100"}, "missing_lines": [], "excluded_lines": [], "start_line": 1}}}, "sfce\\analytics\\sector_engine.py": {"executed_lines": [2, 3, 4, 5, 8, 9, 10, 11, 12, 13, 14, 15, 18, 19, 20, 21, 22, 23, 24, 25, 28, 31, 34, 36, 37, 38, 39, 40, 41, 44, 45, 46, 47, 48, 49, 50, 52, 54, 55, 56, 57, 58, 59, 60, 61, 62, 63, 64, 66, 68, 70, 71, 72, 74, 75, 84, 92, 99, 101, 102, 103, 104, 105, 106, 113, 115, 116, 117, 119, 121, 123, 124, 125, 126, 127, 129, 130, 132, 133, 134, 135, 136, 137, 138, 139, 145, 147, 148, 149, 150, 151, 152, 153, 173, 174, 176, 177, 178, 179, 181, 182, 183, 184, 185, 186, 189, 190, 191], "summary": {"covered_lines": 108, "num_statements": 137, "percent_covered": 78.83211678832117, "percent_covered_display": "79", "missing_lines": 29, "excluded_lines": 0, "percent_statements_covered": 78.83211678832117, "percent_statements_covered_display": "79"}, "missing_lines": [69, 73, 86, 131, 140, 141, 142, 143, 154, 155, 156, 157, 158, 159, 160, 161, 162, 163, 164, 165, 166, 167, 168, 169, 170, 171, 187, 199, 200], "excluded_lines": [], "functions": {"obtener_sector_engine": {"executed_lines": [36, 37, 38, 39, 40, 41], "summary": {"covered_lines": 6, "num_statements": 6, "percent_covered": 100.0, "percent_covered_display": "100", "missing_lines": 0, "excluded_lines": 0, "percent_statements_covered": 100.0, "percent_statements_covered_display": "100"}, "missing_lines": [], "excluded_lines": [], "start_line": 34}, "SectorEngine.__init__": {"executed_lines": [46, 47, 48, 49, 50], "summary": {"covered_lines": 5, "num_statements": 5, "percent_covered": 100.0, "percent_covered_display": "100", "missing_lines": 0, "excluded_lines": 0, "percent_statements_covered": 100.0, "percent_statements_covered_display": "100"}, "missing_lines": [], "excluded_lines": [], "start_line": 45}, "SectorEngine.cargar": {"executed_lines": [54, 55, 56, 57, 58, 59, 60, 61, 62, 63, 64], "summary": {"covered_lines": 11, "num_statements": 11, "percent_covered": 100.0, "percent_covered_display": "100", "missing_lines": 0, "excluded_lines": 0, "percent_statements_covered": 100.0, "percent_statements_covered_display": "100"}, "missing_lines": [], "excluded_lines": [], "start_line": 52}, "SectorEngine.calcular_kpi": {"executed_lines": [68, 70, 71, 72, 74, 75], "summary": {"covered_lines": 6, "num_statements": 8, "percent_covered": 75.0, "percent_covered_display": "75", "missing_lines": 2, "excluded_lines": 0, "percent_statements_covered": 75.0, "percent_statements_covered_display": "75"}, "missing_lines": [69, 73], "excluded_lines": [], "start_line": 66}, "SectorEngine.calcular_todos": {"executed_lines": [], "summary": {"covered_lines": 0, "num_statements": 1, "percent_covered": 0.0, "percent_covered_display": "0", "missing_lines": 1, "excluded_lines": 0, "percent_statements_covered": 0.0, "percent_statements_covered_display": "0"}, "missing_lines": [86], "excluded_lines": [], "start_line": 84}, "SectorEngine.evaluar_alertas": {"executed_lines": [101, 102, 103, 104, 105, 106, 113], "summary": {"covered_lines": 7, "num_statements": 7, "percent_covered": 100.0, "percent_covered_display": "100", "missing_lines": 0, "excluded_lines": 0, "percent_statements_covered": 100.0, "percent_statements_covered_display": "100"}, "missing_lines": [], "excluded_lines": [], "start_line": 99}, "SectorEngine._semaforo_kpi": {"executed_lines": [116, 117, 119, 121, 123, 124, 125, 126, 127, 129, 130, 132, 133, 134, 135, 136, 137, 138, 139], "summary": {"covered_lines": 19, "num_statements": 24, "percent_covered": 79.16666666666667, "percent_covered_display": "79", "missing_lines": 5, "excluded_lines": 0, "percent_statements_covered": 79.16666666666667, "percent_statements_covered_display": "79"}, "missing_lines": [131, 140, 141, 142, 143], "excluded_lines": [], "start_line": 115}, "SectorEngine._evaluar_formula": {"executed_lines": [147, 148, 149, 150, 151, 152, 153], "summary": {"covered_lines": 7, "num_statements": 25, "percent_covered": 28.0, "percent_covered_display": "28", "missing_lines": 18, "excluded_lines": 0, "percent_statements_covered": 28.0, "percent_statements_covered_display": "28"}, "missing_lines": [154, 155, 156, 157, 158, 159, 160, 161, 162, 163, 164, 165, 166, 167, 168, 169, 170, 171], "excluded_lines": [], "start_line": 145}, "SectorEngine._condicion_activa": {"executed_lines": [174, 176, 177, 178, 179, 181, 182, 183, 184, 185, 186], "summary": {"covered_lines": 11, "num_statements": 12, "percent_covered": 91.66666666666667, "percent_covered_display": "92", "missing_lines": 1, "excluded_lines": 0, "percent_statements_covered": 91.66666666666667, "percent_statements_covered_display": "92"}, "missing_lines": [187], "excluded_lines": [], "start_line": 173}, "SectorEngine._formatear_mensaje": {"executed_lines": [190, 191], "summary": {"covered_lines": 2, "num_statements": 4, "percent_covered": 50.0, "percent_covered_display": "50", "missing_lines": 2, "excluded_lines": 0, "percent_statements_covered": 50.0, "percent_statements_covered_display": "50"}, "missing_lines": [199, 200], "excluded_lines": [], "start_line": 189}, "": {"executed_lines": [2, 3, 4, 5, 8, 9, 10, 11, 12, 13, 14, 15, 18, 19, 20, 21, 22, 23, 24, 25, 28, 31, 34, 44, 45, 52, 66, 84, 92, 99, 115, 145, 173, 189], "summary": {"covered_lines": 34, "num_statements": 34, "percent_covered": 100.0, "percent_covered_display": "100", "missing_lines": 0, "excluded_lines": 0, "percent_statements_covered": 100.0, "percent_statements_covered_display": "100"}, "missing_lines": [], "excluded_lines": [], "start_line": 1}}, "classes": {"KPIResultado": {"executed_lines": [], "summary": {"covered_lines": 0, "num_statements": 0, "percent_covered": 100.0, "percent_covered_display": "100", "missing_lines": 0, "excluded_lines": 0, "percent_statements_covered": 100.0, "percent_statements_covered_display": "100"}, "missing_lines": [], "excluded_lines": [], "start_line": 9}, "AlertaGenerada": {"executed_lines": [], "summary": {"covered_lines": 0, "num_statements": 0, "percent_covered": 100.0, "percent_covered_display": "100", "missing_lines": 0, "excluded_lines": 0, "percent_statements_covered": 100.0, "percent_statements_covered_display": "100"}, "missing_lines": [], "excluded_lines": [], "start_line": 19}, "SectorEngine": {"executed_lines": [46, 47, 48, 49, 50, 54, 55, 56, 57, 58, 59, 60, 61, 62, 63, 64, 68, 70, 71, 72, 74, 75, 101, 102, 103, 104, 105, 106, 113, 116, 117, 119, 121, 123, 124, 125, 126, 127, 129, 130, 132, 133, 134, 135, 136, 137, 138, 139, 147, 148, 149, 150, 151, 152, 153, 174, 176, 177, 178, 179, 181, 182, 183, 184, 185, 186, 190, 191], "summary": {"covered_lines": 68, "num_statements": 97, "percent_covered": 70.10309278350516, "percent_covered_display": "70", "missing_lines": 29, "excluded_lines": 0, "percent_statements_covered": 70.10309278350516, "percent_statements_covered_display": "70"}, "missing_lines": [69, 73, 86, 131, 140, 141, 142, 143, 154, 155, 156, 157, 158, 159, 160, 161, 162, 163, 164, 165, 166, 167, 168, 169, 170, 171, 187, 199, 200], "excluded_lines": [], "start_line": 44}, "": {"executed_lines": [2, 3, 4, 5, 8, 9, 10, 11, 12, 13, 14, 15, 18, 19, 20, 21, 22, 23, 24, 25, 28, 31, 34, 36, 37, 38, 39, 40, 41, 44, 45, 52, 66, 84, 92, 99, 115, 145, 173, 189], "summary": {"covered_lines": 40, "num_statements": 40, "percent_covered": 100.0, "percent_covered_display": "100", "missing_lines": 0, "excluded_lines": 0, "percent_statements_covered": 100.0, "percent_statements_covered_display": "100"}, "missing_lines": [], "excluded_lines": [], "start_line": 1}}}, "sfce\\api\\__init__.py": {"executed_lines": [2], "summary": {"covered_lines": 1, "num_statements": 1, "percent_covered": 100.0, "percent_covered_display": "100", "missing_lines": 0, "excluded_lines": 0, "percent_statements_covered": 100.0, "percent_statements_covered_display": "100"}, "missing_lines": [], "excluded_lines": [], "functions": {"": {"executed_lines": [2], "summary": {"covered_lines": 1, "num_statements": 1, "percent_covered": 100.0, "percent_covered_display": "100", "missing_lines": 0, "excluded_lines": 0, "percent_statements_covered": 100.0, "percent_statements_covered_display": "100"}, "missing_lines": [], "excluded_lines": [], "start_line": 1}}, "classes": {"": {"executed_lines": [2], "summary": {"covered_lines": 1, "num_statements": 1, "percent_covered": 100.0, "percent_covered_display": "100", "missing_lines": 0, "excluded_lines": 0, "percent_statements_covered": 100.0, "percent_statements_covered_display": "100"}, "missing_lines": [], "excluded_lines": [], "start_line": 1}}}, "sfce\\api\\app.py": {"executed_lines": [3, 4, 5, 6, 8, 9, 10, 11, 13, 15, 18, 21, 22, 23, 28, 29, 30, 31, 34, 47, 49, 50, 51, 53, 54, 55, 56, 57, 62, 63, 66, 78, 80, 81, 82, 84, 91, 92, 98, 99, 100, 101, 102, 103, 104, 105, 106, 107, 108, 111, 112, 115, 116, 119, 122, 123, 124, 127, 128, 131, 134, 135, 136, 137, 139, 142, 143, 144, 145, 146, 147, 148, 149, 150, 151, 152, 153, 154, 155, 158, 167, 175, 176, 183, 185, 194, 195, 196, 197, 198, 199, 202, 203, 204, 207, 208, 209, 210, 211, 212, 213, 214, 215, 216, 217, 218, 219, 220, 221, 222, 223, 224, 225, 226, 227, 228, 229, 230, 231, 232, 233, 234, 235, 237, 238, 239, 240, 241, 242, 243, 244, 245, 246, 247, 248, 249, 250, 251, 252, 253, 254, 255, 256, 257, 258, 259, 260, 261, 262, 263, 264, 267, 268, 271, 273, 276, 278, 281, 283], "summary": {"covered_lines": 159, "num_statements": 161, "percent_covered": 98.75776397515529, "percent_covered_display": "99", "missing_lines": 2, "excluded_lines": 0, "percent_statements_covered": 98.75776397515529, "percent_statements_covered_display": "99"}, "missing_lines": [24, 75], "excluded_lines": [], "functions": {"LimiteTamanioMiddleware.dispatch": {"executed_lines": [22, 23, 28], "summary": {"covered_lines": 3, "num_statements": 4, "percent_covered": 75.0, "percent_covered_display": "75", "missing_lines": 1, "excluded_lines": 0, "percent_statements_covered": 75.0, "percent_statements_covered_display": "75"}, "missing_lines": [24], "excluded_lines": [], "start_line": 21}, "_leer_config_bd": {"executed_lines": [47, 49, 50, 51, 53, 54, 55, 56, 57, 62, 63, 66], "summary": {"covered_lines": 12, "num_statements": 13, "percent_covered": 92.3076923076923, "percent_covered_display": "92", "missing_lines": 1, "excluded_lines": 0, "percent_statements_covered": 92.3076923076923, "percent_statements_covered_display": "92"}, "missing_lines": [75], "excluded_lines": [], "start_line": 34}, "_leer_cors_origins": {"executed_lines": [80, 81, 82, 84], "summary": {"covered_lines": 4, "num_statements": 4, "percent_covered": 100.0, "percent_covered_display": "100", "missing_lines": 0, "excluded_lines": 0, "percent_statements_covered": 100.0, "percent_statements_covered_display": "100"}, "missing_lines": [], "excluded_lines": [], "start_line": 78}, "lifespan": {"executed_lines": [98, 99, 100, 101, 102, 103, 104, 105, 106, 107, 108, 111, 112, 115, 116, 119, 122, 123, 124, 127, 128, 131, 134, 135, 136, 137, 139, 142, 143, 144, 145, 146, 147, 148, 149, 150, 151, 152, 153, 154, 155], "summary": {"covered_lines": 41, "num_statements": 41, "percent_covered": 100.0, "percent_covered_display": "100", "missing_lines": 0, "excluded_lines": 0, "percent_statements_covered": 100.0, "percent_statements_covered_display": "100"}, "missing_lines": [], "excluded_lines": [], "start_line": 92}, "crear_app": {"executed_lines": [167, 175, 176, 183, 185, 194, 195, 196, 197, 198, 199, 202, 203, 204, 207, 208, 209, 210, 211, 212, 213, 214, 215, 216, 217, 218, 219, 220, 221, 222, 223, 224, 225, 226, 227, 228, 229, 230, 231, 232, 233, 234, 235, 237, 238, 239, 240, 241, 242, 243, 244, 245, 246, 247, 248, 249, 250, 251, 252, 253, 254, 255, 256, 257, 258, 259, 260, 261, 262, 263, 264, 267, 268, 271, 273], "summary": {"covered_lines": 75, "num_statements": 75, "percent_covered": 100.0, "percent_covered_display": "100", "missing_lines": 0, "excluded_lines": 0, "percent_statements_covered": 100.0, "percent_statements_covered_display": "100"}, "missing_lines": [], "excluded_lines": [], "start_line": 158}, "get_repo": {"executed_lines": [278], "summary": {"covered_lines": 1, "num_statements": 1, "percent_covered": 100.0, "percent_covered_display": "100", "missing_lines": 0, "excluded_lines": 0, "percent_statements_covered": 100.0, "percent_statements_covered_display": "100"}, "missing_lines": [], "excluded_lines": [], "start_line": 276}, "get_sesion_factory": {"executed_lines": [283], "summary": {"covered_lines": 1, "num_statements": 1, "percent_covered": 100.0, "percent_covered_display": "100", "missing_lines": 0, "excluded_lines": 0, "percent_statements_covered": 100.0, "percent_statements_covered_display": "100"}, "missing_lines": [], "excluded_lines": [], "start_line": 281}, "": {"executed_lines": [3, 4, 5, 6, 8, 9, 10, 11, 13, 15, 18, 21, 29, 30, 31, 34, 78, 91, 92, 158, 276, 281], "summary": {"covered_lines": 22, "num_statements": 22, "percent_covered": 100.0, "percent_covered_display": "100", "missing_lines": 0, "excluded_lines": 0, "percent_statements_covered": 100.0, "percent_statements_covered_display": "100"}, "missing_lines": [], "excluded_lines": [], "start_line": 1}}, "classes": {"LimiteTamanioMiddleware": {"executed_lines": [22, 23, 28], "summary": {"covered_lines": 3, "num_statements": 4, "percent_covered": 75.0, "percent_covered_display": "75", "missing_lines": 1, "excluded_lines": 0, "percent_statements_covered": 75.0, "percent_statements_covered_display": "75"}, "missing_lines": [24], "excluded_lines": [], "start_line": 18}, "": {"executed_lines": [3, 4, 5, 6, 8, 9, 10, 11, 13, 15, 18, 21, 29, 30, 31, 34, 47, 49, 50, 51, 53, 54, 55, 56, 57, 62, 63, 66, 78, 80, 81, 82, 84, 91, 92, 98, 99, 100, 101, 102, 103, 104, 105, 106, 107, 108, 111, 112, 115, 116, 119, 122, 123, 124, 127, 128, 131, 134, 135, 136, 137, 139, 142, 143, 144, 145, 146, 147, 148, 149, 150, 151, 152, 153, 154, 155, 158, 167, 175, 176, 183, 185, 194, 195, 196, 197, 198, 199, 202, 203, 204, 207, 208, 209, 210, 211, 212, 213, 214, 215, 216, 217, 218, 219, 220, 221, 222, 223, 224, 225, 226, 227, 228, 229, 230, 231, 232, 233, 234, 235, 237, 238, 239, 240, 241, 242, 243, 244, 245, 246, 247, 248, 249, 250, 251, 252, 253, 254, 255, 256, 257, 258, 259, 260, 261, 262, 263, 264, 267, 268, 271, 273, 276, 278, 281, 283], "summary": {"covered_lines": 156, "num_statements": 157, "percent_covered": 99.36305732484077, "percent_covered_display": "99", "missing_lines": 1, "excluded_lines": 0, "percent_statements_covered": 99.36305732484077, "percent_statements_covered_display": "99"}, "missing_lines": [75], "excluded_lines": [], "start_line": 1}}}, "sfce\\api\\audit.py": {"executed_lines": [5, 6, 7, 9, 11, 14, 15, 16, 17, 18, 19, 20, 21, 22, 23, 26, 44, 57, 60, 62, 63, 64, 65, 66], "summary": {"covered_lines": 24, "num_statements": 25, "percent_covered": 96.0, "percent_covered_display": "96", "missing_lines": 1, "excluded_lines": 0, "percent_statements_covered": 96.0, "percent_statements_covered_display": "96"}, "missing_lines": [67], "excluded_lines": [], "functions": {"auditar": {"executed_lines": [44, 57], "summary": {"covered_lines": 2, "num_statements": 2, "percent_covered": 100.0, "percent_covered_display": "100", "missing_lines": 0, "excluded_lines": 0, "percent_statements_covered": 100.0, "percent_statements_covered_display": "100"}, "missing_lines": [], "excluded_lines": [], "start_line": 26}, "ip_desde_request": {"executed_lines": [62, 63, 64, 65, 66], "summary": {"covered_lines": 5, "num_statements": 6, "percent_covered": 83.33333333333333, "percent_covered_display": "83", "missing_lines": 1, "excluded_lines": 0, "percent_statements_covered": 83.33333333333333, "percent_statements_covered_display": "83"}, "missing_lines": [67], "excluded_lines": [], "start_line": 60}, "": {"executed_lines": [5, 6, 7, 9, 11, 14, 15, 16, 17, 18, 19, 20, 21, 22, 23, 26, 60], "summary": {"covered_lines": 17, "num_statements": 17, "percent_covered": 100.0, "percent_covered_display": "100", "missing_lines": 0, "excluded_lines": 0, "percent_statements_covered": 100.0, "percent_statements_covered_display": "100"}, "missing_lines": [], "excluded_lines": [], "start_line": 1}}, "classes": {"AuditAccion": {"executed_lines": [], "summary": {"covered_lines": 0, "num_statements": 0, "percent_covered": 100.0, "percent_covered_display": "100", "missing_lines": 0, "excluded_lines": 0, "percent_statements_covered": 100.0, "percent_statements_covered_display": "100"}, "missing_lines": [], "excluded_lines": [], "start_line": 14}, "": {"executed_lines": [5, 6, 7, 9, 11, 14, 15, 16, 17, 18, 19, 20, 21, 22, 23, 26, 44, 57, 60, 62, 63, 64, 65, 66], "summary": {"covered_lines": 24, "num_statements": 25, "percent_covered": 96.0, "percent_covered_display": "96", "missing_lines": 1, "excluded_lines": 0, "percent_statements_covered": 96.0, "percent_statements_covered_display": "96"}, "missing_lines": [67], "excluded_lines": [], "start_line": 1}}}, "sfce\\api\\auth.py": {"executed_lines": [3, 4, 5, 6, 8, 9, 10, 12, 17, 18, 21, 24, 27, 28, 29, 33, 38, 42, 52, 54, 55, 56, 58, 59, 62, 64, 65, 68, 70, 75, 80, 81, 82, 83, 84, 86, 87, 88, 89, 92, 94, 95, 96, 97, 98, 102, 103, 111, 117, 118, 119, 125, 126, 127, 128, 135, 136, 137, 142, 148, 151, 159, 160, 161, 162, 166, 167, 170, 172, 173, 176, 177, 185, 186, 189, 191, 192, 196, 197, 198, 206, 209, 212, 219, 220, 221, 224, 225, 228, 229, 230, 235, 238, 239, 240, 241, 245, 248, 249, 250, 251, 256], "summary": {"covered_lines": 102, "num_statements": 111, "percent_covered": 91.89189189189189, "percent_covered_display": "92", "missing_lines": 9, "excluded_lines": 1, "percent_statements_covered": 91.89189189189189, "percent_statements_covered_display": "92"}, "missing_lines": [34, 43, 44, 45, 57, 129, 143, 231, 252], "excluded_lines": [152], "functions": {"_validar_config_seguridad": {"executed_lines": [27, 28, 29, 33, 38, 42], "summary": {"covered_lines": 6, "num_statements": 10, "percent_covered": 60.0, "percent_covered_display": "60", "missing_lines": 4, "excluded_lines": 0, "percent_statements_covered": 60.0, "percent_statements_covered_display": "60"}, "missing_lines": [34, 43, 44, 45], "excluded_lines": [], "start_line": 24}, "_get_secret": {"executed_lines": [54, 55, 56, 58, 59], "summary": {"covered_lines": 5, "num_statements": 6, "percent_covered": 83.33333333333333, "percent_covered_display": "83", "missing_lines": 1, "excluded_lines": 0, "percent_statements_covered": 83.33333333333333, "percent_statements_covered_display": "83"}, "missing_lines": [57], "excluded_lines": [], "start_line": 52}, "hashear_password": {"executed_lines": [64, 65], "summary": {"covered_lines": 2, "num_statements": 2, "percent_covered": 100.0, "percent_covered_display": "100", "missing_lines": 0, "excluded_lines": 0, "percent_statements_covered": 100.0, "percent_statements_covered_display": "100"}, "missing_lines": [], "excluded_lines": [], "start_line": 62}, "verificar_password": {"executed_lines": [70], "summary": {"covered_lines": 1, "num_statements": 1, "percent_covered": 100.0, "percent_covered_display": "100", "missing_lines": 0, "excluded_lines": 0, "percent_statements_covered": 100.0, "percent_statements_covered_display": "100"}, "missing_lines": [], "excluded_lines": [], "start_line": 68}, "crear_token": {"executed_lines": [80, 81, 82, 83, 84, 86, 87, 88, 89], "summary": {"covered_lines": 9, "num_statements": 9, "percent_covered": 100.0, "percent_covered_display": "100", "missing_lines": 0, "excluded_lines": 0, "percent_statements_covered": 100.0, "percent_statements_covered_display": "100"}, "missing_lines": [], "excluded_lines": [], "start_line": 75}, "decodificar_token": {"executed_lines": [94, 95, 96, 97, 98, 102, 103], "summary": {"covered_lines": 7, "num_statements": 7, "percent_covered": 100.0, "percent_covered_display": "100", "missing_lines": 0, "excluded_lines": 0, "percent_statements_covered": 100.0, "percent_statements_covered_display": "100"}, "missing_lines": [], "excluded_lines": [], "start_line": 92}, "obtener_usuario_actual": {"executed_lines": [117, 118, 119, 125, 126, 127, 128, 135, 136, 137, 142, 148], "summary": {"covered_lines": 12, "num_statements": 14, "percent_covered": 85.71428571428571, "percent_covered_display": "86", "missing_lines": 2, "excluded_lines": 0, "percent_statements_covered": 85.71428571428571, "percent_statements_covered_display": "86"}, "missing_lines": [129, 143], "excluded_lines": [], "start_line": 111}, "requiere_rol": {"executed_lines": [159, 167], "summary": {"covered_lines": 2, "num_statements": 2, "percent_covered": 100.0, "percent_covered_display": "100", "missing_lines": 0, "excluded_lines": 1, "percent_statements_covered": 100.0, "percent_statements_covered_display": "100"}, "missing_lines": [], "excluded_lines": [152], "start_line": 151}, "requiere_rol._verificar_rol": {"executed_lines": [160, 161, 162, 166], "summary": {"covered_lines": 4, "num_statements": 4, "percent_covered": 100.0, "percent_covered_display": "100", "missing_lines": 0, "excluded_lines": 0, "percent_statements_covered": 100.0, "percent_statements_covered_display": "100"}, "missing_lines": [], "excluded_lines": [], "start_line": 159}, "crear_admin_por_defecto": {"executed_lines": [172, 173, 176, 177, 185, 186], "summary": {"covered_lines": 6, "num_statements": 6, "percent_covered": 100.0, "percent_covered_display": "100", "missing_lines": 0, "excluded_lines": 0, "percent_statements_covered": 100.0, "percent_statements_covered_display": "100"}, "missing_lines": [], "excluded_lines": [], "start_line": 170}, "crear_usuarios_ci": {"executed_lines": [191, 192, 196, 197, 198, 206], "summary": {"covered_lines": 6, "num_statements": 6, "percent_covered": 100.0, "percent_covered_display": "100", "missing_lines": 0, "excluded_lines": 0, "percent_statements_covered": 100.0, "percent_statements_covered_display": "100"}, "missing_lines": [], "excluded_lines": [], "start_line": 189}, "verificar_acceso_empresa": {"executed_lines": [219, 220, 221, 224, 225, 228, 229, 230, 235, 238, 239, 240, 241, 245, 248, 249, 250, 251, 256], "summary": {"covered_lines": 19, "num_statements": 21, "percent_covered": 90.47619047619048, "percent_covered_display": "90", "missing_lines": 2, "excluded_lines": 0, "percent_statements_covered": 90.47619047619048, "percent_statements_covered_display": "90"}, "missing_lines": [231, 252], "excluded_lines": [], "start_line": 212}, "": {"executed_lines": [3, 4, 5, 6, 8, 9, 10, 12, 17, 18, 21, 24, 52, 62, 68, 75, 92, 111, 151, 170, 189, 209, 212], "summary": {"covered_lines": 23, "num_statements": 23, "percent_covered": 100.0, "percent_covered_display": "100", "missing_lines": 0, "excluded_lines": 0, "percent_statements_covered": 100.0, "percent_statements_covered_display": "100"}, "missing_lines": [], "excluded_lines": [], "start_line": 1}}, "classes": {"": {"executed_lines": [3, 4, 5, 6, 8, 9, 10, 12, 17, 18, 21, 24, 27, 28, 29, 33, 38, 42, 52, 54, 55, 56, 58, 59, 62, 64, 65, 68, 70, 75, 80, 81, 82, 83, 84, 86, 87, 88, 89, 92, 94, 95, 96, 97, 98, 102, 103, 111, 117, 118, 119, 125, 126, 127, 128, 135, 136, 137, 142, 148, 151, 159, 160, 161, 162, 166, 167, 170, 172, 173, 176, 177, 185, 186, 189, 191, 192, 196, 197, 198, 206, 209, 212, 219, 220, 221, 224, 225, 228, 229, 230, 235, 238, 239, 240, 241, 245, 248, 249, 250, 251, 256], "summary": {"covered_lines": 102, "num_statements": 111, "percent_covered": 91.89189189189189, "percent_covered_display": "92", "missing_lines": 9, "excluded_lines": 1, "percent_statements_covered": 91.89189189189189, "percent_statements_covered_display": "92"}, "missing_lines": [34, 43, 44, 45, 57, 129, 143, 231, 252], "excluded_lines": [152], "start_line": 1}}}, "sfce\\api\\rate_limiter.py": {"executed_lines": [11, 12, 13, 14, 16, 19, 22, 23, 24, 26, 27, 29, 31, 32, 34, 36, 40, 41, 43, 44, 47, 49, 50, 51, 52, 53, 57, 59, 60, 61, 62, 63, 64, 65, 66, 67, 70, 72, 75, 77, 80, 82, 83, 84, 85, 86, 91, 94, 96, 97, 98, 99, 100, 105, 108, 110, 111, 112, 113, 119], "summary": {"covered_lines": 60, "num_statements": 62, "percent_covered": 96.7741935483871, "percent_covered_display": "97", "missing_lines": 2, "excluded_lines": 0, "percent_statements_covered": 96.7741935483871, "percent_statements_covered_display": "97"}, "missing_lines": [54, 114], "excluded_lines": [], "functions": {"VentanaFijaLimiter.__init__": {"executed_lines": [23, 24, 26, 27], "summary": {"covered_lines": 4, "num_statements": 4, "percent_covered": 100.0, "percent_covered_display": "100", "missing_lines": 0, "excluded_lines": 0, "percent_statements_covered": 100.0, "percent_statements_covered_display": "100"}, "missing_lines": [], "excluded_lines": [], "start_line": 22}, "VentanaFijaLimiter.permite": {"executed_lines": [31, 32, 34, 36, 40, 41, 43, 44], "summary": {"covered_lines": 8, "num_statements": 8, "percent_covered": 100.0, "percent_covered_display": "100", "missing_lines": 0, "excluded_lines": 0, "percent_statements_covered": 100.0, "percent_statements_covered_display": "100"}, "missing_lines": [], "excluded_lines": [], "start_line": 29}, "_ip_desde_request": {"executed_lines": [49, 50, 51, 52, 53], "summary": {"covered_lines": 5, "num_statements": 6, "percent_covered": 83.33333333333333, "percent_covered_display": "83", "missing_lines": 1, "excluded_lines": 0, "percent_statements_covered": 83.33333333333333, "percent_statements_covered_display": "83"}, "missing_lines": [54], "excluded_lines": [], "start_line": 47}, "_email_desde_request": {"executed_lines": [59, 60, 61, 62, 63, 64, 65, 66, 67], "summary": {"covered_lines": 9, "num_statements": 9, "percent_covered": 100.0, "percent_covered_display": "100", "missing_lines": 0, "excluded_lines": 0, "percent_statements_covered": 100.0, "percent_statements_covered_display": "100"}, "missing_lines": [], "excluded_lines": [], "start_line": 57}, "crear_login_limiter": {"executed_lines": [72], "summary": {"covered_lines": 1, "num_statements": 1, "percent_covered": 100.0, "percent_covered_display": "100", "missing_lines": 0, "excluded_lines": 0, "percent_statements_covered": 100.0, "percent_statements_covered_display": "100"}, "missing_lines": [], "excluded_lines": [], "start_line": 70}, "crear_usuario_limiter": {"executed_lines": [77], "summary": {"covered_lines": 1, "num_statements": 1, "percent_covered": 100.0, "percent_covered_display": "100", "missing_lines": 0, "excluded_lines": 0, "percent_statements_covered": 100.0, "percent_statements_covered_display": "100"}, "missing_lines": [], "excluded_lines": [], "start_line": 75}, "crear_dependencia_login": {"executed_lines": [82, 91], "summary": {"covered_lines": 2, "num_statements": 2, "percent_covered": 100.0, "percent_covered_display": "100", "missing_lines": 0, "excluded_lines": 0, "percent_statements_covered": 100.0, "percent_statements_covered_display": "100"}, "missing_lines": [], "excluded_lines": [], "start_line": 80}, "crear_dependencia_login._dep": {"executed_lines": [83, 84, 85, 86], "summary": {"covered_lines": 4, "num_statements": 4, "percent_covered": 100.0, "percent_covered_display": "100", "missing_lines": 0, "excluded_lines": 0, "percent_statements_covered": 100.0, "percent_statements_covered_display": "100"}, "missing_lines": [], "excluded_lines": [], "start_line": 82}, "crear_dependencia_usuario": {"executed_lines": [96, 105], "summary": {"covered_lines": 2, "num_statements": 2, "percent_covered": 100.0, "percent_covered_display": "100", "missing_lines": 0, "excluded_lines": 0, "percent_statements_covered": 100.0, "percent_statements_covered_display": "100"}, "missing_lines": [], "excluded_lines": [], "start_line": 94}, "crear_dependencia_usuario._dep": {"executed_lines": [97, 98, 99, 100], "summary": {"covered_lines": 4, "num_statements": 4, "percent_covered": 100.0, "percent_covered_display": "100", "missing_lines": 0, "excluded_lines": 0, "percent_statements_covered": 100.0, "percent_statements_covered_display": "100"}, "missing_lines": [], "excluded_lines": [], "start_line": 96}, "crear_dependencia_invitacion": {"executed_lines": [110, 119], "summary": {"covered_lines": 2, "num_statements": 2, "percent_covered": 100.0, "percent_covered_display": "100", "missing_lines": 0, "excluded_lines": 0, "percent_statements_covered": 100.0, "percent_statements_covered_display": "100"}, "missing_lines": [], "excluded_lines": [], "start_line": 108}, "crear_dependencia_invitacion._dep": {"executed_lines": [111, 112, 113], "summary": {"covered_lines": 3, "num_statements": 4, "percent_covered": 75.0, "percent_covered_display": "75", "missing_lines": 1, "excluded_lines": 0, "percent_statements_covered": 75.0, "percent_statements_covered_display": "75"}, "missing_lines": [114], "excluded_lines": [], "start_line": 110}, "": {"executed_lines": [11, 12, 13, 14, 16, 19, 22, 29, 47, 57, 70, 75, 80, 94, 108], "summary": {"covered_lines": 15, "num_statements": 15, "percent_covered": 100.0, "percent_covered_display": "100", "missing_lines": 0, "excluded_lines": 0, "percent_statements_covered": 100.0, "percent_statements_covered_display": "100"}, "missing_lines": [], "excluded_lines": [], "start_line": 1}}, "classes": {"VentanaFijaLimiter": {"executed_lines": [23, 24, 26, 27, 31, 32, 34, 36, 40, 41, 43, 44], "summary": {"covered_lines": 12, "num_statements": 12, "percent_covered": 100.0, "percent_covered_display": "100", "missing_lines": 0, "excluded_lines": 0, "percent_statements_covered": 100.0, "percent_statements_covered_display": "100"}, "missing_lines": [], "excluded_lines": [], "start_line": 19}, "": {"executed_lines": [11, 12, 13, 14, 16, 19, 22, 29, 47, 49, 50, 51, 52, 53, 57, 59, 60, 61, 62, 63, 64, 65, 66, 67, 70, 72, 75, 77, 80, 82, 83, 84, 85, 86, 91, 94, 96, 97, 98, 99, 100, 105, 108, 110, 111, 112, 113, 119], "summary": {"covered_lines": 48, "num_statements": 50, "percent_covered": 96.0, "percent_covered_display": "96", "missing_lines": 2, "excluded_lines": 0, "percent_statements_covered": 96.0, "percent_statements_covered_display": "96"}, "missing_lines": [54, 114], "excluded_lines": [], "start_line": 1}}}, "sfce\\api\\rutas\\__init__.py": {"executed_lines": [], "summary": {"covered_lines": 0, "num_statements": 0, "percent_covered": 100.0, "percent_covered_display": "100", "missing_lines": 0, "excluded_lines": 0, "percent_statements_covered": 100.0, "percent_statements_covered_display": "100"}, "missing_lines": [], "excluded_lines": [], "functions": {"": {"executed_lines": [], "summary": {"covered_lines": 0, "num_statements": 0, "percent_covered": 100.0, "percent_covered_display": "100", "missing_lines": 0, "excluded_lines": 0, "percent_statements_covered": 100.0, "percent_statements_covered_display": "100"}, "missing_lines": [], "excluded_lines": [], "start_line": 1}}, "classes": {"": {"executed_lines": [], "summary": {"covered_lines": 0, "num_statements": 0, "percent_covered": 100.0, "percent_covered_display": "100", "missing_lines": 0, "excluded_lines": 0, "percent_statements_covered": 100.0, "percent_statements_covered_display": "100"}, "missing_lines": [], "excluded_lines": [], "start_line": 1}}}, "sfce\\api\\rutas\\admin.py": {"executed_lines": [2, 3, 4, 5, 7, 8, 10, 11, 12, 13, 14, 16, 18, 21, 22, 23, 24, 25, 26, 29, 30, 31, 32, 35, 36, 37, 38, 41, 42, 43, 46, 47, 53, 54, 55, 57, 58, 65, 66, 67, 68, 78, 79, 84, 85, 86, 88, 89, 105, 106, 112, 113, 115, 116, 117, 118, 119, 131, 132, 139, 140, 142, 143, 144, 146, 148, 149, 150, 152, 153, 154, 162, 163, 169, 170, 172, 174, 175, 178, 190, 199, 200, 201, 202, 215, 216, 217, 220, 221, 232, 235, 236, 237, 238, 240, 242, 244, 245, 246, 249, 250, 251, 253, 256, 257, 259, 260, 261, 269, 285, 286, 287, 290, 291, 298, 299, 302, 303, 304, 306, 307, 308, 309, 317, 318, 321, 322, 351, 352, 358, 359, 360, 362, 363, 364, 365, 367, 370, 371, 373, 374, 375, 383, 397, 398, 403, 405, 406, 407, 408, 410, 411, 412, 421, 432, 433, 439, 442, 443, 444, 446, 447, 448, 449, 452, 453, 454, 455, 457, 458, 459, 460, 461, 462, 464, 467, 468], "summary": {"covered_lines": 177, "num_statements": 209, "percent_covered": 84.68899521531101, "percent_covered_display": "85", "missing_lines": 32, "excluded_lines": 0, "percent_statements_covered": 84.68899521531101, "percent_statements_covered_display": "85"}, "missing_lines": [114, 141, 145, 147, 151, 171, 173, 266, 267, 300, 305, 329, 330, 331, 333, 334, 335, 336, 339, 340, 341, 346, 347, 348, 380, 381, 404, 409, 440, 450, 463, 465], "excluded_lines": [], "functions": {"crear_gestoria": {"executed_lines": [53, 54, 55, 57, 58, 65, 66, 67, 68], "summary": {"covered_lines": 9, "num_statements": 9, "percent_covered": 100.0, "percent_covered_display": "100", "missing_lines": 0, "excluded_lines": 0, "percent_statements_covered": 100.0, "percent_statements_covered_display": "100"}, "missing_lines": [], "excluded_lines": [], "start_line": 47}, "listar_gestorias": {"executed_lines": [84, 85, 86, 88, 89], "summary": {"covered_lines": 5, "num_statements": 5, "percent_covered": 100.0, "percent_covered_display": "100", "missing_lines": 0, "excluded_lines": 0, "percent_statements_covered": 100.0, "percent_statements_covered_display": "100"}, "missing_lines": [], "excluded_lines": [], "start_line": 79}, "detalle_gestoria": {"executed_lines": [112, 113, 115, 116, 117, 118, 119], "summary": {"covered_lines": 7, "num_statements": 8, "percent_covered": 87.5, "percent_covered_display": "88", "missing_lines": 1, "excluded_lines": 0, "percent_statements_covered": 87.5, "percent_statements_covered_display": "88"}, "missing_lines": [114], "excluded_lines": [], "start_line": 106}, "actualizar_gestoria": {"executed_lines": [139, 140, 142, 143, 144, 146, 148, 149, 150, 152, 153, 154], "summary": {"covered_lines": 12, "num_statements": 16, "percent_covered": 75.0, "percent_covered_display": "75", "missing_lines": 4, "excluded_lines": 0, "percent_statements_covered": 75.0, "percent_statements_covered_display": "75"}, "missing_lines": [141, 145, 147, 151], "excluded_lines": [], "start_line": 132}, "listar_usuarios_gestoria": {"executed_lines": [169, 170, 172, 174, 175, 178], "summary": {"covered_lines": 6, "num_statements": 8, "percent_covered": 75.0, "percent_covered_display": "75", "missing_lines": 2, "excluded_lines": 0, "percent_statements_covered": 75.0, "percent_statements_covered_display": "75"}, "missing_lines": [171, 173], "excluded_lines": [], "start_line": 163}, "_crear_usuario_invitado": {"executed_lines": [199, 200, 201, 202, 215, 216, 217], "summary": {"covered_lines": 7, "num_statements": 7, "percent_covered": 100.0, "percent_covered_display": "100", "missing_lines": 0, "excluded_lines": 0, "percent_statements_covered": 100.0, "percent_statements_covered_display": "100"}, "missing_lines": [], "excluded_lines": [], "start_line": 190}, "invitar_usuario": {"executed_lines": [232, 235, 236, 237, 238, 240, 242, 244, 245, 246, 249, 250, 251, 253, 256, 257, 259, 260, 261, 269], "summary": {"covered_lines": 20, "num_statements": 22, "percent_covered": 90.9090909090909, "percent_covered_display": "91", "missing_lines": 2, "excluded_lines": 0, "percent_statements_covered": 90.9090909090909, "percent_statements_covered_display": "91"}, "missing_lines": [266, 267], "excluded_lines": [], "start_line": 221}, "actualizar_plan_gestoria": {"executed_lines": [298, 299, 302, 303, 304, 306, 307, 308, 309], "summary": {"covered_lines": 9, "num_statements": 11, "percent_covered": 81.81818181818181, "percent_covered_display": "82", "missing_lines": 2, "excluded_lines": 0, "percent_statements_covered": 81.81818181818181, "percent_statements_covered_display": "82"}, "missing_lines": [300, 305], "excluded_lines": [], "start_line": 291}, "actualizar_plan_usuario": {"executed_lines": [], "summary": {"covered_lines": 0, "num_statements": 13, "percent_covered": 0.0, "percent_covered_display": "0", "missing_lines": 13, "excluded_lines": 0, "percent_statements_covered": 0.0, "percent_statements_covered_display": "0"}, "missing_lines": [329, 330, 331, 333, 334, 335, 336, 339, 340, 341, 346, 347, 348], "excluded_lines": [], "start_line": 322}, "crear_cliente_directo": {"executed_lines": [358, 359, 360, 362, 363, 364, 365, 367, 370, 371, 373, 374, 375, 383], "summary": {"covered_lines": 14, "num_statements": 16, "percent_covered": 87.5, "percent_covered_display": "88", "missing_lines": 2, "excluded_lines": 0, "percent_statements_covered": 87.5, "percent_statements_covered_display": "88"}, "missing_lines": [380, 381], "excluded_lines": [], "start_line": 352}, "get_config_procesamiento": {"executed_lines": [403, 405, 406, 407, 408, 410, 411, 412, 421], "summary": {"covered_lines": 9, "num_statements": 11, "percent_covered": 81.81818181818181, "percent_covered_display": "82", "missing_lines": 2, "excluded_lines": 0, "percent_statements_covered": 81.81818181818181, "percent_statements_covered_display": "82"}, "missing_lines": [404, 409], "excluded_lines": [], "start_line": 398}, "put_config_procesamiento": {"executed_lines": [439, 442, 443, 444, 446, 447, 448, 449, 452, 453, 454, 455, 457, 458, 459, 460, 461, 462, 464, 467, 468], "summary": {"covered_lines": 21, "num_statements": 25, "percent_covered": 84.0, "percent_covered_display": "84", "missing_lines": 4, "excluded_lines": 0, "percent_statements_covered": 84.0, "percent_statements_covered_display": "84"}, "missing_lines": [440, 450, 463, 465], "excluded_lines": [], "start_line": 433}, "": {"executed_lines": [2, 3, 4, 5, 7, 8, 10, 11, 12, 13, 14, 16, 18, 21, 22, 23, 24, 25, 26, 29, 30, 31, 32, 35, 36, 37, 38, 41, 42, 43, 46, 47, 78, 79, 105, 106, 131, 132, 162, 163, 190, 220, 221, 285, 286, 287, 290, 291, 317, 318, 321, 322, 351, 352, 397, 398, 432, 433], "summary": {"covered_lines": 58, "num_statements": 58, "percent_covered": 100.0, "percent_covered_display": "100", "missing_lines": 0, "excluded_lines": 0, "percent_statements_covered": 100.0, "percent_statements_covered_display": "100"}, "missing_lines": [], "excluded_lines": [], "start_line": 1}}, "classes": {"CrearGestoriaRequest": {"executed_lines": [], "summary": {"covered_lines": 0, "num_statements": 0, "percent_covered": 100.0, "percent_covered_display": "100", "missing_lines": 0, "excluded_lines": 0, "percent_statements_covered": 100.0, "percent_statements_covered_display": "100"}, "missing_lines": [], "excluded_lines": [], "start_line": 21}, "ActualizarGestoriaRequest": {"executed_lines": [], "summary": {"covered_lines": 0, "num_statements": 0, "percent_covered": 100.0, "percent_covered_display": "100", "missing_lines": 0, "excluded_lines": 0, "percent_statements_covered": 100.0, "percent_statements_covered_display": "100"}, "missing_lines": [], "excluded_lines": [], "start_line": 29}, "InvitarUsuarioRequest": {"executed_lines": [], "summary": {"covered_lines": 0, "num_statements": 0, "percent_covered": 100.0, "percent_covered_display": "100", "missing_lines": 0, "excluded_lines": 0, "percent_statements_covered": 100.0, "percent_statements_covered_display": "100"}, "missing_lines": [], "excluded_lines": [], "start_line": 35}, "CrearClienteDirectoRequest": {"executed_lines": [], "summary": {"covered_lines": 0, "num_statements": 0, "percent_covered": 100.0, "percent_covered_display": "100", "missing_lines": 0, "excluded_lines": 0, "percent_statements_covered": 100.0, "percent_statements_covered_display": "100"}, "missing_lines": [], "excluded_lines": [], "start_line": 41}, "ActualizarPlanRequest": {"executed_lines": [], "summary": {"covered_lines": 0, "num_statements": 0, "percent_covered": 100.0, "percent_covered_display": "100", "missing_lines": 0, "excluded_lines": 0, "percent_statements_covered": 100.0, "percent_statements_covered_display": "100"}, "missing_lines": [], "excluded_lines": [], "start_line": 285}, "ActualizarPlanUsuarioRequest": {"executed_lines": [], "summary": {"covered_lines": 0, "num_statements": 0, "percent_covered": 100.0, "percent_covered_display": "100", "missing_lines": 0, "excluded_lines": 0, "percent_statements_covered": 100.0, "percent_statements_covered_display": "100"}, "missing_lines": [], "excluded_lines": [], "start_line": 317}, "": {"executed_lines": [2, 3, 4, 5, 7, 8, 10, 11, 12, 13, 14, 16, 18, 21, 22, 23, 24, 25, 26, 29, 30, 31, 32, 35, 36, 37, 38, 41, 42, 43, 46, 47, 53, 54, 55, 57, 58, 65, 66, 67, 68, 78, 79, 84, 85, 86, 88, 89, 105, 106, 112, 113, 115, 116, 117, 118, 119, 131, 132, 139, 140, 142, 143, 144, 146, 148, 149, 150, 152, 153, 154, 162, 163, 169, 170, 172, 174, 175, 178, 190, 199, 200, 201, 202, 215, 216, 217, 220, 221, 232, 235, 236, 237, 238, 240, 242, 244, 245, 246, 249, 250, 251, 253, 256, 257, 259, 260, 261, 269, 285, 286, 287, 290, 291, 298, 299, 302, 303, 304, 306, 307, 308, 309, 317, 318, 321, 322, 351, 352, 358, 359, 360, 362, 363, 364, 365, 367, 370, 371, 373, 374, 375, 383, 397, 398, 403, 405, 406, 407, 408, 410, 411, 412, 421, 432, 433, 439, 442, 443, 444, 446, 447, 448, 449, 452, 453, 454, 455, 457, 458, 459, 460, 461, 462, 464, 467, 468], "summary": {"covered_lines": 177, "num_statements": 209, "percent_covered": 84.68899521531101, "percent_covered_display": "85", "missing_lines": 32, "excluded_lines": 0, "percent_statements_covered": 84.68899521531101, "percent_statements_covered_display": "85"}, "missing_lines": [114, 141, 145, 147, 151, 171, 173, 266, 267, 300, 305, 329, 330, 331, 333, 334, 335, 336, 339, 340, 341, 346, 347, 348, 380, 381, 404, 409, 440, 450, 463, 465], "excluded_lines": [], "start_line": 1}}}, "sfce\\api\\rutas\\analytics.py": {"executed_lines": [2, 3, 5, 6, 7, 9, 10, 11, 18, 19, 20, 22, 24, 27, 29, 30, 35, 44, 45, 52, 53, 54, 132, 133, 139, 140, 141, 188, 189, 197, 198, 199, 231, 232, 239, 240, 241, 279, 280, 329, 330], "summary": {"covered_lines": 41, "num_statements": 137, "percent_covered": 29.927007299270073, "percent_covered_display": "30", "missing_lines": 96, "excluded_lines": 0, "percent_statements_covered": 29.927007299270073, "percent_statements_covered_display": "30"}, "missing_lines": [31, 32, 37, 38, 39, 40, 41, 55, 57, 59, 60, 61, 62, 63, 64, 65, 66, 68, 69, 71, 78, 85, 92, 93, 94, 95, 96, 98, 106, 107, 113, 142, 143, 145, 146, 152, 153, 154, 160, 161, 163, 168, 176, 200, 201, 202, 204, 211, 212, 213, 214, 215, 216, 217, 218, 219, 221, 223, 242, 244, 250, 251, 252, 253, 254, 255, 256, 257, 259, 261, 262, 263, 264, 265, 266, 270, 272, 291, 292, 298, 299, 300, 301, 302, 304, 305, 310, 311, 312, 317, 319, 335, 336, 337, 338, 339], "excluded_lines": [], "functions": {"_verificar_tier_advisor": {"executed_lines": [29, 30], "summary": {"covered_lines": 2, "num_statements": 4, "percent_covered": 50.0, "percent_covered_display": "50", "missing_lines": 2, "excluded_lines": 0, "percent_statements_covered": 50.0, "percent_statements_covered_display": "50"}, "missing_lines": [31, 32], "excluded_lines": [], "start_line": 27}, "_empresa_cnae": {"executed_lines": [], "summary": {"covered_lines": 0, "num_statements": 5, "percent_covered": 0.0, "percent_covered_display": "0", "missing_lines": 5, "excluded_lines": 0, "percent_statements_covered": 0.0, "percent_statements_covered_display": "0"}, "missing_lines": [37, 38, 39, 40, 41], "excluded_lines": [], "start_line": 35}, "obtener_kpis": {"executed_lines": [52, 53, 54], "summary": {"covered_lines": 3, "num_statements": 27, "percent_covered": 11.11111111111111, "percent_covered_display": "11", "missing_lines": 24, "excluded_lines": 0, "percent_statements_covered": 11.11111111111111, "percent_statements_covered_display": "11"}, "missing_lines": [55, 57, 59, 60, 61, 62, 63, 64, 65, 66, 68, 69, 71, 78, 85, 92, 93, 94, 95, 96, 98, 106, 107, 113], "excluded_lines": [], "start_line": 45}, "resumen_hoy": {"executed_lines": [139, 140, 141], "summary": {"covered_lines": 3, "num_statements": 11, "percent_covered": 27.272727272727273, "percent_covered_display": "27", "missing_lines": 8, "excluded_lines": 0, "percent_statements_covered": 27.272727272727273, "percent_statements_covered_display": "27"}, "missing_lines": [142, 143, 145, 160, 161, 163, 168, 176], "excluded_lines": [], "start_line": 133}, "resumen_hoy._sum_cajas": {"executed_lines": [], "summary": {"covered_lines": 0, "num_statements": 4, "percent_covered": 0.0, "percent_covered_display": "0", "missing_lines": 4, "excluded_lines": 0, "percent_statements_covered": 0.0, "percent_statements_covered_display": "0"}, "missing_lines": [146, 152, 153, 154], "excluded_lines": [], "start_line": 145}, "ventas_detalle": {"executed_lines": [197, 198, 199], "summary": {"covered_lines": 3, "num_statements": 18, "percent_covered": 16.666666666666668, "percent_covered_display": "17", "missing_lines": 15, "excluded_lines": 0, "percent_statements_covered": 16.666666666666668, "percent_statements_covered_display": "17"}, "missing_lines": [200, 201, 202, 204, 211, 212, 213, 214, 215, 216, 217, 218, 219, 221, 223], "excluded_lines": [], "start_line": 189}, "compras_proveedores": {"executed_lines": [239, 240, 241], "summary": {"covered_lines": 3, "num_statements": 22, "percent_covered": 13.636363636363637, "percent_covered_display": "14", "missing_lines": 19, "excluded_lines": 0, "percent_statements_covered": 13.636363636363637, "percent_statements_covered_display": "14"}, "missing_lines": [242, 244, 250, 251, 252, 253, 254, 255, 256, 257, 259, 261, 262, 263, 264, 265, 266, 270, 272], "excluded_lines": [], "start_line": 232}, "sector_brain": {"executed_lines": [], "summary": {"covered_lines": 0, "num_statements": 14, "percent_covered": 0.0, "percent_covered_display": "0", "missing_lines": 14, "excluded_lines": 0, "percent_statements_covered": 0.0, "percent_statements_covered_display": "0"}, "missing_lines": [291, 292, 298, 299, 300, 301, 302, 304, 305, 310, 311, 312, 317, 319], "excluded_lines": [], "start_line": 280}, "obtener_briefing": {"executed_lines": [], "summary": {"covered_lines": 0, "num_statements": 5, "percent_covered": 0.0, "percent_covered_display": "0", "missing_lines": 5, "excluded_lines": 0, "percent_statements_covered": 0.0, "percent_statements_covered_display": "0"}, "missing_lines": [335, 336, 337, 338, 339], "excluded_lines": [], "start_line": 330}, "": {"executed_lines": [2, 3, 5, 6, 7, 9, 10, 11, 18, 19, 20, 22, 24, 27, 35, 44, 45, 132, 133, 188, 189, 231, 232, 279, 280, 329, 330], "summary": {"covered_lines": 27, "num_statements": 27, "percent_covered": 100.0, "percent_covered_display": "100", "missing_lines": 0, "excluded_lines": 0, "percent_statements_covered": 100.0, "percent_statements_covered_display": "100"}, "missing_lines": [], "excluded_lines": [], "start_line": 1}}, "classes": {"": {"executed_lines": [2, 3, 5, 6, 7, 9, 10, 11, 18, 19, 20, 22, 24, 27, 29, 30, 35, 44, 45, 52, 53, 54, 132, 133, 139, 140, 141, 188, 189, 197, 198, 199, 231, 232, 239, 240, 241, 279, 280, 329, 330], "summary": {"covered_lines": 41, "num_statements": 137, "percent_covered": 29.927007299270073, "percent_covered_display": "30", "missing_lines": 96, "excluded_lines": 0, "percent_statements_covered": 29.927007299270073, "percent_statements_covered_display": "30"}, "missing_lines": [31, 32, 37, 38, 39, 40, 41, 55, 57, 59, 60, 61, 62, 63, 64, 65, 66, 68, 69, 71, 78, 85, 92, 93, 94, 95, 96, 98, 106, 107, 113, 142, 143, 145, 146, 152, 153, 154, 160, 161, 163, 168, 176, 200, 201, 202, 204, 211, 212, 213, 214, 215, 216, 217, 218, 219, 221, 223, 242, 244, 250, 251, 252, 253, 254, 255, 256, 257, 259, 261, 262, 263, 264, 265, 266, 270, 272, 291, 292, 298, 299, 300, 301, 302, 304, 305, 310, 311, 312, 317, 319, 335, 336, 337, 338, 339], "excluded_lines": [], "start_line": 1}}}, "sfce\\api\\rutas\\auth_rutas.py": {"executed_lines": [3, 4, 6, 7, 9, 10, 11, 12, 13, 14, 16, 18, 19, 20, 27, 30, 33, 34, 39, 40, 41, 44, 45, 46, 47, 50, 51, 52, 53, 54, 55, 58, 59, 60, 61, 62, 63, 64, 69, 71, 72, 73, 76, 78, 79, 80, 83, 85, 86, 87, 90, 91, 93, 94, 96, 97, 103, 104, 105, 106, 107, 108, 118, 119, 120, 123, 124, 125, 126, 127, 128, 135, 136, 142, 143, 146, 147, 148, 149, 150, 151, 154, 155, 164, 165, 169, 178, 186, 188, 189, 201, 202, 204, 205, 210, 213, 214, 216, 217, 218, 231, 232, 234, 237, 238, 239, 244, 245, 247, 248, 249, 254, 262, 263, 264, 266, 276, 277, 278, 281, 282, 284, 285, 287, 290, 299, 301, 303, 306, 307, 311, 316, 319, 320, 323, 324, 325, 327, 329, 330, 336, 337, 339, 341, 342, 343, 344, 361, 362, 365, 366, 367, 374, 375, 377, 378, 380, 381, 382, 385, 386, 387, 388, 391, 392, 393, 394, 396, 403, 404, 406, 407, 409, 410, 411, 417, 418, 419, 424, 425, 427, 430, 431, 433, 435, 436, 443, 449, 450, 452, 453, 458, 464, 465, 466, 471, 472, 473, 475, 476, 492, 493, 495, 498, 499, 502, 503, 504, 507, 508, 538, 539], "summary": {"covered_lines": 212, "num_statements": 248, "percent_covered": 85.48387096774194, "percent_covered_display": "85", "missing_lines": 36, "excluded_lines": 0, "percent_statements_covered": 85.48387096774194, "percent_statements_covered_display": "85"}, "missing_lines": [412, 437, 438, 444, 459, 511, 512, 513, 518, 519, 520, 521, 522, 524, 525, 526, 527, 528, 530, 535, 541, 542, 547, 548, 549, 554, 555, 557, 558, 563, 564, 565, 566, 567, 568, 570], "excluded_lines": [], "functions": {"_rate_limit_login": {"executed_lines": [71, 72, 73], "summary": {"covered_lines": 3, "num_statements": 3, "percent_covered": 100.0, "percent_covered_display": "100", "missing_lines": 0, "excluded_lines": 0, "percent_statements_covered": 100.0, "percent_statements_covered_display": "100"}, "missing_lines": [], "excluded_lines": [], "start_line": 69}, "_rate_limit_usuario": {"executed_lines": [78, 79, 80], "summary": {"covered_lines": 3, "num_statements": 3, "percent_covered": 100.0, "percent_covered_display": "100", "missing_lines": 0, "excluded_lines": 0, "percent_statements_covered": 100.0, "percent_statements_covered_display": "100"}, "missing_lines": [], "excluded_lines": [], "start_line": 76}, "_rate_limit_invitacion": {"executed_lines": [85, 86, 87], "summary": {"covered_lines": 3, "num_statements": 3, "percent_covered": 100.0, "percent_covered_display": "100", "missing_lines": 0, "excluded_lines": 0, "percent_statements_covered": 100.0, "percent_statements_covered_display": "100"}, "missing_lines": [], "excluded_lines": [], "start_line": 83}, "login": {"executed_lines": [93, 94, 96, 97, 103, 104, 105, 106, 107, 108, 118, 119, 120, 123, 124, 125, 126, 127, 128, 135, 136, 142, 143, 146, 147, 148, 149, 150, 151, 154, 155, 164, 165, 169, 178, 186, 188, 189], "summary": {"covered_lines": 38, "num_statements": 38, "percent_covered": 100.0, "percent_covered_display": "100", "missing_lines": 0, "excluded_lines": 0, "percent_statements_covered": 100.0, "percent_statements_covered_display": "100"}, "missing_lines": [], "excluded_lines": [], "start_line": 91}, "refresh_token": {"executed_lines": [204, 205, 210], "summary": {"covered_lines": 3, "num_statements": 3, "percent_covered": 100.0, "percent_covered_display": "100", "missing_lines": 0, "excluded_lines": 0, "percent_statements_covered": 100.0, "percent_statements_covered_display": "100"}, "missing_lines": [], "excluded_lines": [], "start_line": 202}, "me": {"executed_lines": [216, 217, 218], "summary": {"covered_lines": 3, "num_statements": 3, "percent_covered": 100.0, "percent_covered_display": "100", "missing_lines": 0, "excluded_lines": 0, "percent_statements_covered": 100.0, "percent_statements_covered_display": "100"}, "missing_lines": [], "excluded_lines": [], "start_line": 214}, "crear_usuario": {"executed_lines": [234, 237, 238, 239, 244, 245, 247, 248, 249, 254, 262, 263, 264, 266], "summary": {"covered_lines": 14, "num_statements": 14, "percent_covered": 100.0, "percent_covered_display": "100", "missing_lines": 0, "excluded_lines": 0, "percent_statements_covered": 100.0, "percent_statements_covered_display": "100"}, "missing_lines": [], "excluded_lines": [], "start_line": 232}, "aceptar_invitacion": {"executed_lines": [284, 285, 287, 290, 299, 301, 303, 306, 307, 311, 316, 319, 320, 323, 324, 325, 327, 329, 330], "summary": {"covered_lines": 19, "num_statements": 19, "percent_covered": 100.0, "percent_covered_display": "100", "missing_lines": 0, "excluded_lines": 0, "percent_statements_covered": 100.0, "percent_statements_covered_display": "100"}, "missing_lines": [], "excluded_lines": [], "start_line": 282}, "listar_usuarios": {"executed_lines": [339, 341, 342, 343, 344], "summary": {"covered_lines": 5, "num_statements": 5, "percent_covered": 100.0, "percent_covered_display": "100", "missing_lines": 0, "excluded_lines": 0, "percent_statements_covered": 100.0, "percent_statements_covered_display": "100"}, "missing_lines": [], "excluded_lines": [], "start_line": 337}, "setup_2fa": {"executed_lines": [377, 378, 380, 381, 382, 385, 386, 387, 388, 391, 392, 393, 394, 396], "summary": {"covered_lines": 14, "num_statements": 14, "percent_covered": 100.0, "percent_covered_display": "100", "missing_lines": 0, "excluded_lines": 0, "percent_statements_covered": 100.0, "percent_statements_covered_display": "100"}, "missing_lines": [], "excluded_lines": [], "start_line": 375}, "verify_2fa": {"executed_lines": [406, 407, 409, 410, 411, 417, 418, 419, 424, 425, 427], "summary": {"covered_lines": 11, "num_statements": 12, "percent_covered": 91.66666666666667, "percent_covered_display": "92", "missing_lines": 1, "excluded_lines": 0, "percent_statements_covered": 91.66666666666667, "percent_statements_covered_display": "92"}, "missing_lines": [412], "excluded_lines": [], "start_line": 404}, "confirm_2fa": {"executed_lines": [433, 435, 436, 443, 449, 450, 452, 453, 458, 464, 465, 466, 471, 472, 473, 475, 476], "summary": {"covered_lines": 17, "num_statements": 21, "percent_covered": 80.95238095238095, "percent_covered_display": "81", "missing_lines": 4, "excluded_lines": 0, "percent_statements_covered": 80.95238095238095, "percent_statements_covered_display": "81"}, "missing_lines": [437, 438, 444, 459], "excluded_lines": [], "start_line": 431}, "recuperar_password": {"executed_lines": [], "summary": {"covered_lines": 0, "num_statements": 15, "percent_covered": 0.0, "percent_covered_display": "0", "missing_lines": 15, "excluded_lines": 0, "percent_statements_covered": 0.0, "percent_statements_covered_display": "0"}, "missing_lines": [511, 512, 513, 518, 519, 520, 521, 522, 524, 525, 526, 527, 528, 530, 535], "excluded_lines": [], "start_line": 508}, "reset_password_endpoint": {"executed_lines": [], "summary": {"covered_lines": 0, "num_statements": 16, "percent_covered": 0.0, "percent_covered_display": "0", "missing_lines": 16, "excluded_lines": 0, "percent_statements_covered": 0.0, "percent_statements_covered_display": "0"}, "missing_lines": [541, 542, 547, 548, 549, 554, 555, 557, 558, 563, 564, 565, 566, 567, 568, 570], "excluded_lines": [], "start_line": 539}, "": {"executed_lines": [3, 4, 6, 7, 9, 10, 11, 12, 13, 14, 16, 18, 19, 20, 27, 30, 33, 34, 39, 40, 41, 44, 45, 46, 47, 50, 51, 52, 53, 54, 55, 58, 59, 60, 61, 62, 63, 64, 69, 76, 83, 90, 91, 201, 202, 213, 214, 231, 232, 276, 277, 278, 281, 282, 336, 337, 361, 362, 365, 366, 367, 374, 375, 403, 404, 430, 431, 492, 493, 495, 498, 499, 502, 503, 504, 507, 508, 538, 539], "summary": {"covered_lines": 79, "num_statements": 79, "percent_covered": 100.0, "percent_covered_display": "100", "missing_lines": 0, "excluded_lines": 0, "percent_statements_covered": 100.0, "percent_statements_covered_display": "100"}, "missing_lines": [], "excluded_lines": [], "start_line": 1}}, "classes": {"LoginRequest": {"executed_lines": [], "summary": {"covered_lines": 0, "num_statements": 0, "percent_covered": 100.0, "percent_covered_display": "100", "missing_lines": 0, "excluded_lines": 0, "percent_statements_covered": 100.0, "percent_statements_covered_display": "100"}, "missing_lines": [], "excluded_lines": [], "start_line": 39}, "LoginResponse": {"executed_lines": [], "summary": {"covered_lines": 0, "num_statements": 0, "percent_covered": 100.0, "percent_covered_display": "100", "missing_lines": 0, "excluded_lines": 0, "percent_statements_covered": 100.0, "percent_statements_covered_display": "100"}, "missing_lines": [], "excluded_lines": [], "start_line": 44}, "CrearUsuarioRequest": {"executed_lines": [], "summary": {"covered_lines": 0, "num_statements": 0, "percent_covered": 100.0, "percent_covered_display": "100", "missing_lines": 0, "excluded_lines": 0, "percent_statements_covered": 100.0, "percent_statements_covered_display": "100"}, "missing_lines": [], "excluded_lines": [], "start_line": 50}, "UsuarioResponse": {"executed_lines": [], "summary": {"covered_lines": 0, "num_statements": 0, "percent_covered": 100.0, "percent_covered_display": "100", "missing_lines": 0, "excluded_lines": 0, "percent_statements_covered": 100.0, "percent_statements_covered_display": "100"}, "missing_lines": [], "excluded_lines": [], "start_line": 58}, "AceptarInvitacionRequest": {"executed_lines": [], "summary": {"covered_lines": 0, "num_statements": 0, "percent_covered": 100.0, "percent_covered_display": "100", "missing_lines": 0, "excluded_lines": 0, "percent_statements_covered": 100.0, "percent_statements_covered_display": "100"}, "missing_lines": [], "excluded_lines": [], "start_line": 276}, "Verify2FARequest": {"executed_lines": [], "summary": {"covered_lines": 0, "num_statements": 0, "percent_covered": 100.0, "percent_covered_display": "100", "missing_lines": 0, "excluded_lines": 0, "percent_statements_covered": 100.0, "percent_statements_covered_display": "100"}, "missing_lines": [], "excluded_lines": [], "start_line": 361}, "Confirm2FARequest": {"executed_lines": [], "summary": {"covered_lines": 0, "num_statements": 0, "percent_covered": 100.0, "percent_covered_display": "100", "missing_lines": 0, "excluded_lines": 0, "percent_statements_covered": 100.0, "percent_statements_covered_display": "100"}, "missing_lines": [], "excluded_lines": [], "start_line": 365}, "_RecuperarBody": {"executed_lines": [], "summary": {"covered_lines": 0, "num_statements": 0, "percent_covered": 100.0, "percent_covered_display": "100", "missing_lines": 0, "excluded_lines": 0, "percent_statements_covered": 100.0, "percent_statements_covered_display": "100"}, "missing_lines": [], "excluded_lines": [], "start_line": 498}, "_ResetBody": {"executed_lines": [], "summary": {"covered_lines": 0, "num_statements": 0, "percent_covered": 100.0, "percent_covered_display": "100", "missing_lines": 0, "excluded_lines": 0, "percent_statements_covered": 100.0, "percent_statements_covered_display": "100"}, "missing_lines": [], "excluded_lines": [], "start_line": 502}, "": {"executed_lines": [3, 4, 6, 7, 9, 10, 11, 12, 13, 14, 16, 18, 19, 20, 27, 30, 33, 34, 39, 40, 41, 44, 45, 46, 47, 50, 51, 52, 53, 54, 55, 58, 59, 60, 61, 62, 63, 64, 69, 71, 72, 73, 76, 78, 79, 80, 83, 85, 86, 87, 90, 91, 93, 94, 96, 97, 103, 104, 105, 106, 107, 108, 118, 119, 120, 123, 124, 125, 126, 127, 128, 135, 136, 142, 143, 146, 147, 148, 149, 150, 151, 154, 155, 164, 165, 169, 178, 186, 188, 189, 201, 202, 204, 205, 210, 213, 214, 216, 217, 218, 231, 232, 234, 237, 238, 239, 244, 245, 247, 248, 249, 254, 262, 263, 264, 266, 276, 277, 278, 281, 282, 284, 285, 287, 290, 299, 301, 303, 306, 307, 311, 316, 319, 320, 323, 324, 325, 327, 329, 330, 336, 337, 339, 341, 342, 343, 344, 361, 362, 365, 366, 367, 374, 375, 377, 378, 380, 381, 382, 385, 386, 387, 388, 391, 392, 393, 394, 396, 403, 404, 406, 407, 409, 410, 411, 417, 418, 419, 424, 425, 427, 430, 431, 433, 435, 436, 443, 449, 450, 452, 453, 458, 464, 465, 466, 471, 472, 473, 475, 476, 492, 493, 495, 498, 499, 502, 503, 504, 507, 508, 538, 539], "summary": {"covered_lines": 212, "num_statements": 248, "percent_covered": 85.48387096774194, "percent_covered_display": "85", "missing_lines": 36, "excluded_lines": 0, "percent_statements_covered": 85.48387096774194, "percent_statements_covered_display": "85"}, "missing_lines": [412, 437, 438, 444, 459, 511, 512, 513, 518, 519, 520, 521, 522, 524, 525, 526, 527, 528, 530, 535, 541, 542, 547, 548, 549, 554, 555, 557, 558, 563, 564, 565, 566, 567, 568, 570], "excluded_lines": [], "start_line": 1}}}, "sfce\\api\\rutas\\bancario.py": {"executed_lines": [9, 11, 12, 13, 14, 16, 17, 18, 19, 20, 22, 29, 30, 31, 32, 33, 34, 35, 38, 39, 41, 42, 43, 44, 45, 46, 47, 48, 51, 52, 54, 55, 56, 57, 58, 59, 60, 61, 62, 69, 70, 76, 77, 78, 79, 80, 83, 84, 85, 96, 97, 98, 99, 102, 103, 108, 109, 110, 111, 122, 123, 135, 136, 137, 138, 139, 140, 141, 144, 145, 148, 162, 163, 171, 172, 173, 174, 175, 176, 177, 178, 198, 199, 204, 205, 206, 207, 208, 209, 216, 217, 222, 223, 224, 225, 226, 229, 232, 235], "summary": {"covered_lines": 99, "num_statements": 99, "percent_covered": 100.0,
[...]
2, 344, 345, 346, 347, 348, 349, 350, 351, 352, 353, 356, 358, 359, 360, 361, 364, 366, 367, 368, 369, 370, 373, 375, 376, 377, 378, 379, 380, 381, 382, 383, 386, 388, 389, 390, 391, 394, 396, 397, 398, 399, 400, 401, 402, 403, 408], "summary": {"covered_lines": 82, "num_statements": 394, "percent_covered": 20.81218274111675, "percent_covered_display": "21", "missing_lines": 312, "excluded_lines": 0, "percent_statements_covered": 20.81218274111675, "percent_statements_covered_display": "21"}, "missing_lines": [45, 46, 48, 50, 52, 53, 55, 56, 58, 59, 60, 63, 65, 66, 67, 70, 71, 72, 86, 87, 88, 89, 90, 91, 92, 103, 116, 117, 118, 120, 121, 122, 124, 125, 127, 128, 130, 131, 132, 135, 145, 146, 147, 148, 150, 151, 152, 153, 155, 156, 158, 159, 161, 162, 164, 167, 168, 169, 171, 174, 175, 178, 187, 188, 189, 190, 192, 195, 197, 198, 201, 203, 204, 205, 207, 216, 217, 218, 219, 221, 223, 225, 226, 227, 229, 230, 232, 242, 243, 244, 245, 247, 248, 250, 251, 252, 253, 255, 256, 258, 259, 262, 272, 275, 276, 279, 280, 281, 283, 284, 285, 286, 287, 288, 289, 292, 302, 303, 304, 306, 307, 309, 310, 312, 315, 316, 317, 319, 321, 324, 325, 326, 327, 329, 330, 333, 334, 337, 423, 426, 427, 428, 429, 431, 432, 434, 435, 436, 437, 438, 439, 441, 444, 445, 446, 447, 448, 449, 451, 453, 454, 455, 457, 458, 459, 460, 461, 462, 464, 467, 468, 470, 471, 472, 474, 475, 476, 478, 479, 480, 482, 483, 485, 486, 487, 490, 491, 492, 493, 494, 496, 499, 500, 501, 504, 505, 506, 509, 510, 511, 514, 515, 516, 517, 519, 522, 523, 524, 527, 528, 529, 530, 533, 534, 535, 536, 539, 540, 541, 542, 547, 548, 549, 552, 553, 554, 555, 556, 557, 560, 561, 562, 563, 564, 565, 571, 572, 573, 575, 576, 577, 583, 584, 587, 590, 598, 599, 605, 606, 607, 608, 609, 610, 613, 614, 615, 616, 620, 621, 627, 628, 629, 630, 631, 632, 633, 634, 635, 636, 637, 640, 641, 642, 643, 644, 646, 647, 648, 649, 651, 652, 653, 654, 656, 657, 658, 659, 662, 663, 664, 665, 666, 671, 674, 675, 676, 677, 679, 681, 686, 688, 689, 690, 697, 698, 706, 707, 710, 711, 712, 714, 717], "excluded_lines": [], "start_line": 1}}}, "sfce\\phases\\registration.py": {"executed_lines": [15, 16, 17, 18, 20, 21, 28, 29, 30, 32, 34, 37, 43, 44, 45, 47, 48, 49, 51, 52, 54, 55, 57, 58, 61, 185, 256, 267, 268, 271, 277, 278, 279, 285, 286, 287, 296, 301, 303, 305, 310, 316, 317, 318, 319, 320, 321, 322, 323, 324, 327, 328, 329, 332, 333, 334, 337, 338, 340, 344, 346, 347, 348, 353, 358, 359, 360, 361, 364, 369, 373, 374, 381, 387, 390, 391, 403, 415, 416, 417, 419, 422, 485, 510, 521, 567, 645, 714, 736], "summary": {"covered_lines": 89, "num_statements": 559, "percent_covered": 15.921288014311271, "percent_covered_display": "16", "missing_lines": 470, "excluded_lines": 0, "percent_statements_covered": 15.921288014311271, "percent_statements_covered_display": "16"}, "missing_lines": [70, 72, 73, 80, 81, 86, 87, 88, 90, 91, 92, 95, 96, 97, 98, 99, 100, 102, 103, 114, 115, 116, 117, 119, 120, 121, 122, 125, 126, 129, 130, 132, 133, 134, 135, 136, 137, 140, 141, 146, 147, 148, 149, 150, 152, 153, 162, 163, 164, 165, 167, 168, 169, 170, 172, 173, 175, 176, 177, 178, 179, 180, 182, 194, 196, 197, 199, 201, 202, 204, 205, 207, 208, 209, 210, 211, 213, 214, 215, 218, 219, 220, 223, 224, 225, 226, 227, 230, 231, 232, 235, 236, 237, 238, 239, 241, 242, 243, 244, 247, 248, 249, 250, 251, 253, 281, 282, 288, 290, 292, 293, 297, 306, 354, 355, 356, 365, 366, 370, 375, 376, 377, 378, 379, 392, 396, 406, 412, 430, 431, 432, 434, 435, 436, 437, 440, 441, 442, 444, 445, 446, 447, 449, 450, 451, 454, 455, 456, 459, 461, 462, 466, 467, 468, 469, 471, 475, 476, 477, 478, 479, 482, 491, 492, 496, 498, 499, 502, 503, 504, 505, 506, 507, 512, 513, 517, 518, 530, 531, 532, 533, 534, 535, 537, 538, 539, 541, 542, 545, 553, 560, 561, 562, 563, 564, 580, 582, 583, 586, 587, 588, 589, 590, 591, 592, 593, 594, 595, 596, 597, 599, 600, 602, 605, 607, 608, 609, 610, 612, 613, 615, 616, 621, 622, 628, 629, 632, 633, 637, 638, 639, 641, 642, 654, 656, 657, 660, 661, 662, 663, 664, 665, 666, 667, 668, 669, 670, 671, 672, 673, 674, 676, 677, 679, 681, 682, 683, 684, 685, 686, 688, 689, 690, 692, 693, 695, 696, 698, 699, 701, 702, 706, 707, 708, 710, 711, 716, 717, 718, 720, 721, 722, 723, 724, 725, 726, 727, 728, 729, 730, 731, 733, 751, 754, 755, 756, 757, 759, 760, 762, 763, 764, 765, 766, 769, 770, 777, 778, 779, 780, 785, 786, 788, 790, 791, 793, 794, 795, 796, 799, 800, 801, 802, 803, 805, 806, 807, 808, 811, 812, 813, 814, 815, 816, 817, 818, 819, 821, 823, 824, 826, 834, 841, 842, 844, 845, 851, 852, 853, 854, 855, 856, 857, 858, 860, 861, 862, 863, 865, 866, 871, 874, 875, 876, 878, 880, 881, 882, 883, 884, 886, 887, 888, 889, 890, 893, 896, 897, 898, 900, 901, 902, 903, 904, 905, 906, 907, 908, 909, 910, 911, 912, 913, 914, 915, 916, 917, 918, 919, 920, 922, 923, 926, 927, 930, 931, 932, 933, 935, 936, 937, 939, 940, 944, 949, 952, 953, 954, 955, 958, 959, 962, 968, 970, 971, 978, 979, 987, 988, 991, 992, 993, 994, 996, 998, 999, 1000, 1001, 1002, 1003, 1005, 1006, 1009, 1010, 1011, 1013, 1014, 1018, 1020, 1021, 1022, 1023, 1024, 1025, 1026, 1027, 1030, 1031, 1032, 1033, 1034, 1035, 1036, 1039, 1040, 1041, 1042, 1047, 1049, 1052], "excluded_lines": [], "functions": {"_aplicar_enriquecimiento": {"executed_lines": [43, 44, 45, 47, 48, 49, 51, 52, 54, 55, 57, 58], "summary": {"covered_lines": 12, "num_statements": 12, "percent_covered": 100.0, "percent_covered_display": "100", "missing_lines": 0, "excluded_lines": 0, "percent_statements_covered": 100.0, "percent_statements_covered_display": "100"}, "missing_lines": [], "excluded_lines": [], "start_line": 37}, "_asegurar_entidades_fs": {"executed_lines": [], "summary": {"covered_lines": 0, "num_statements": 63, "percent_covered": 0.0, "percent_covered_display": "0", "missing_lines": 63, "excluded_lines": 0, "percent_statements_covered": 0.0, "percent_statements_covered_display": "0"}, "missing_lines": [70, 72, 73, 80, 81, 86, 87, 88, 90, 91, 92, 95, 96, 97, 98, 99, 100, 102, 103, 114, 115, 116, 117, 119, 120, 121, 122, 125, 126, 129, 130, 132, 133, 134, 135, 136, 137, 140, 141, 146, 147, 148, 149, 150, 152, 153, 162, 163, 164, 165, 167, 168, 169, 170, 172, 173, 175, 176, 177, 178, 179, 180, 182], "excluded_lines": [], "start_line": 61}, "_buscar_codigo_entidad_fs": {"executed_lines": [], "summary": {"covered_lines": 0, "num_statements": 42, "percent_covered": 0.0, "percent_covered_display": "0", "missing_lines": 42, "excluded_lines": 0, "percent_statements_covered": 0.0, "percent_statements_covered_display": "0"}, "missing_lines": [194, 196, 197, 199, 201, 202, 204, 205, 207, 208, 209, 210, 211, 213, 214, 215, 218, 219, 220, 223, 224, 225, 226, 227, 230, 231, 232, 235, 236, 237, 238, 239, 241, 242, 243, 244, 247, 248, 249, 250, 251, 253], "excluded_lines": [], "start_line": 185}, "_construir_form_data": {"executed_lines": [267, 268, 271, 277, 278, 279, 285, 286, 287, 296, 301, 303, 305, 310, 316, 317, 318, 319, 320, 321, 322, 323, 324, 327, 328, 329, 332, 333, 334, 337, 338, 340, 344, 346, 347, 348, 353, 358, 359, 360, 361, 364, 369, 373, 374, 381, 387, 390, 391, 403, 415, 416, 417, 419], "summary": {"covered_lines": 54, "num_statements": 77, "percent_covered": 70.12987012987013, "percent_covered_display": "70", "missing_lines": 23, "excluded_lines": 0, "percent_statements_covered": 70.12987012987013, "percent_statements_covered_display": "70"}, "missing_lines": [281, 282, 288, 290, 292, 293, 297, 306, 354, 355, 356, 365, 366, 370, 375, 376, 377, 378, 379, 392, 396, 406, 412], "excluded_lines": [], "start_line": 256}, "_verificar_factura_creada": {"executed_lines": [], "summary": {"covered_lines": 0, "num_statements": 34, "percent_covered": 0.0, "percent_covered_display": "0", "missing_lines": 34, "excluded_lines": 0, "percent_statements_covered": 0.0, "percent_statements_covered_display": "0"}, "missing_lines": [430, 431, 432, 434, 435, 436, 437, 440, 441, 442, 444, 445, 446, 447, 449, 450, 451, 454, 455, 456, 459, 461, 462, 466, 467, 468, 469, 471, 475, 476, 477, 478, 479, 482], "excluded_lines": [], "start_line": 422}, "_marcar_pagada": {"executed_lines": [], "summary": {"covered_lines": 0, "num_statements": 11, "percent_covered": 0.0, "percent_covered_display": "0", "missing_lines": 11, "excluded_lines": 0, "percent_statements_covered": 0.0, "percent_statements_covered_display": "0"}, "missing_lines": [491, 492, 496, 498, 499, 502, 503, 504, 505, 506, 507], "excluded_lines": [], "start_line": 485}, "_eliminar_factura": {"executed_lines": [], "summary": {"covered_lines": 0, "num_statements": 4, "percent_covered": 0.0, "percent_covered_display": "0", "missing_lines": 4, "excluded_lines": 0, "percent_statements_covered": 0.0, "percent_statements_covered_display": "0"}, "missing_lines": [512, 513, 517, 518], "excluded_lines": [], "start_line": 510}, "_aplicar_autorepercusion_intracom": {"executed_lines": [], "summary": {"covered_lines": 0, "num_statements": 18, "percent_covered": 0.0, "percent_covered_display": "0", "missing_lines": 18, "excluded_lines": 0, "percent_statements_covered": 0.0, "percent_statements_covered_display": "0"}, "missing_lines": [530, 531, 532, 533, 534, 535, 537, 538, 539, 541, 542, 545, 553, 560, 561, 562, 563, 564], "excluded_lines": [], "start_line": 521}, "_corregir_asientos_proveedores": {"executed_lines": [], "summary": {"covered_lines": 0, "num_statements": 38, "percent_covered": 0.0, "percent_covered_display": "0", "missing_lines": 38, "excluded_lines": 0, "percent_statements_covered": 0.0, "percent_statements_covered_display": "0"}, "missing_lines": [580, 582, 583, 586, 587, 588, 589, 590, 591, 592, 593, 594, 595, 596, 597, 599, 600, 602, 605, 607, 608, 609, 610, 612, 613, 615, 616, 621, 622, 628, 629, 632, 633, 637, 638, 639, 641, 642], "excluded_lines": [], "start_line": 567}, "_corregir_divisas_asientos": {"executed_lines": [], "summary": {"covered_lines": 0, "num_statements": 43, "percent_covered": 0.0, "percent_covered_display": "0", "missing_lines": 43, "excluded_lines": 0, "percent_statements_covered": 0.0, "percent_statements_covered_display": "0"}, "missing_lines": [654, 656, 657, 660, 661, 662, 663, 664, 665, 666, 667, 668, 669, 670, 671, 672, 673, 674, 676, 677, 679, 681, 682, 683, 684, 685, 686, 688, 689, 690, 692, 693, 695, 696, 698, 699, 701, 702, 706, 707, 708, 710, 711], "excluded_lines": [], "start_line": 645}, "_generar_concepto_asiento": {"executed_lines": [], "summary": {"covered_lines": 0, "num_statements": 16, "percent_covered": 0.0, "percent_covered_display": "0", "missing_lines": 16, "excluded_lines": 0, "percent_statements_covered": 0.0, "percent_statements_covered_display": "0"}, "missing_lines": [716, 717, 718, 720, 721, 722, 723, 724, 725, 726, 727, 728, 729, 730, 731, 733], "excluded_lines": [], "start_line": 714}, "ejecutar_registro": {"executed_lines": [], "summary": {"covered_lines": 0, "num_statements": 178, "percent_covered": 0.0, "percent_covered_display": "0", "missing_lines": 178, "excluded_lines": 0, "percent_statements_covered": 0.0, "percent_statements_covered_display": "0"}, "missing_lines": [751, 754, 755, 756, 757, 759, 760, 762, 763, 764, 765, 766, 769, 770, 777, 778, 779, 780, 785, 786, 788, 790, 791, 793, 794, 795, 796, 799, 800, 801, 802, 803, 805, 806, 807, 808, 811, 812, 813, 814, 815, 816, 817, 818, 819, 821, 823, 824, 826, 834, 841, 842, 844, 845, 851, 852, 853, 854, 855, 856, 857, 858, 860, 861, 862, 863, 865, 866, 871, 874, 875, 876, 878, 880, 881, 882, 883, 884, 886, 887, 888, 889, 890, 893, 896, 897, 898, 900, 901, 902, 903, 904, 905, 906, 907, 908, 909, 910, 911, 912, 913, 914, 915, 916, 917, 918, 919, 920, 922, 923, 926, 927, 930, 931, 932, 933, 935, 936, 937, 939, 940, 944, 949, 952, 953, 954, 955, 958, 959, 962, 968, 970, 971, 978, 979, 987, 988, 991, 992, 993, 994, 996, 998, 999, 1000, 1001, 1002, 1003, 1005, 1006, 1009, 1010, 1011, 1013, 1014, 1018, 1020, 1021, 1022, 1023, 1024, 1025, 1026, 1027, 1030, 1031, 1032, 1033, 1034, 1035, 1036, 1039, 1040, 1041, 1042, 1047, 1049, 1052], "excluded_lines": [], "start_line": 736}, "": {"executed_lines": [15, 16, 17, 18, 20, 21, 28, 29, 30, 32, 34, 37, 61, 185, 256, 422, 485, 510, 521, 567, 645, 714, 736], "summary": {"covered_lines": 23, "num_statements": 23, "percent_covered": 100.0, "percent_covered_display": "100", "missing_lines": 0, "excluded_lines": 0, "percent_statements_covered": 100.0, "percent_statements_covered_display": "100"}, "missing_lines": [], "excluded_lines": [], "start_line": 1}}, "classes": {"": {"executed_lines": [15, 16, 17, 18, 20, 21, 28, 29, 30, 32, 34, 37, 43, 44, 45, 47, 48, 49, 51, 52, 54, 55, 57, 58, 61, 185, 256, 267, 268, 271, 277, 278, 279, 285, 286, 287, 296, 301, 303, 305, 310, 316, 317, 318, 319, 320, 321, 322, 323, 324, 327, 328, 329, 332, 333, 334, 337, 338, 340, 344, 346, 347, 348, 353, 358, 359, 360, 361, 364, 369, 373, 374, 381, 387, 390, 391, 403, 415, 416, 417, 419, 422, 485, 510, 521, 567, 645, 714, 736], "summary": {"covered_lines": 89, "num_statements": 559, "percent_covered": 15.921288014311271, "percent_covered_display": "16", "missing_lines": 470, "excluded_lines": 0, "percent_statements_covered": 15.921288014311271, "percent_statements_covered_display": "16"}, "missing_lines": [70, 72, 73, 80, 81, 86, 87, 88, 90, 91, 92, 95, 96, 97, 98, 99, 100, 102, 103, 114, 115, 116, 117, 119, 120, 121, 122, 125, 126, 129, 130, 132, 133, 134, 135, 136, 137, 140, 141, 146, 147, 148, 149, 150, 152, 153, 162, 163, 164, 165, 167, 168, 169, 170, 172, 173, 175, 176, 177, 178, 179, 180, 182, 194, 196, 197, 199, 201, 202, 204, 205, 207, 208, 209, 210, 211, 213, 214, 215, 218, 219, 220, 223, 224, 225, 226, 227, 230, 231, 232, 235, 236, 237, 238, 239, 241, 242, 243, 244, 247, 248, 249, 250, 251, 253, 281, 282, 288, 290, 292, 293, 297, 306, 354, 355, 356, 365, 366, 370, 375, 376, 377, 378, 379, 392, 396, 406, 412, 430, 431, 432, 434, 435, 436, 437, 440, 441, 442, 444, 445, 446, 447, 449, 450, 451, 454, 455, 456, 459, 461, 462, 466, 467, 468, 469, 471, 475, 476, 477, 478, 479, 482, 491, 492, 496, 498, 499, 502, 503, 504, 505, 506, 507, 512, 513, 517, 518, 530, 531, 532, 533, 534, 535, 537, 538, 539, 541, 542, 545, 553, 560, 561, 562, 563, 564, 580, 582, 583, 586, 587, 588, 589, 590, 591, 592, 593, 594, 595, 596, 597, 599, 600, 602, 605, 607, 608, 609, 610, 612, 613, 615, 616, 621, 622, 628, 629, 632, 633, 637, 638, 639, 641, 642, 654, 656, 657, 660, 661, 662, 663, 664, 665, 666, 667, 668, 669, 670, 671, 672, 673, 674, 676, 677, 679, 681, 682, 683, 684, 685, 686, 688, 689, 690, 692, 693, 695, 696, 698, 699, 701, 702, 706, 707, 708, 710, 711, 716, 717, 718, 720, 721, 722, 723, 724, 725, 726, 727, 728, 729, 730, 731, 733, 751, 754, 755, 756, 757, 759, 760, 762, 763, 764, 765, 766, 769, 770, 777, 778, 779, 780, 785, 786, 788, 790, 791, 793, 794, 795, 796, 799, 800, 801, 802, 803, 805, 806, 807, 808, 811, 812, 813, 814, 815, 816, 817, 818, 819, 821, 823, 824, 826, 834, 841, 842, 844, 845, 851, 852, 853, 854, 855, 856, 857, 858, 860, 861, 862, 863, 865, 866, 871, 874, 875, 876, 878, 880, 881, 882, 883, 884, 886, 887, 888, 889, 890, 893, 896, 897, 898, 900, 901, 902, 903, 904, 905, 906, 907, 908, 909, 910, 911, 912, 913, 914, 915, 916, 917, 918, 919, 920, 922, 923, 926, 927, 930, 931, 932, 933, 935, 936, 937, 939, 940, 944, 949, 952, 953, 954, 955, 958, 959, 962, 968, 970, 971, 978, 979, 987, 988, 991, 992, 993, 994, 996, 998, 999, 1000, 1001, 1002, 1003, 1005, 1006, 1009, 1010, 1011, 1013, 1014, 1018, 1020, 1021, 1022, 1023, 1024, 1025, 1026, 1027, 1030, 1031, 1032, 1033, 1034, 1035, 1036, 1039, 1040, 1041, 1042, 1047, 1049, 1052], "excluded_lines": [], "start_line": 1}}}, "sfce\\reglas\\__init__.py": {"executed_lines": [], "summary": {"covered_lines": 0, "num_statements": 0, "percent_covered": 100.0, "percent_covered_display": "100", "missing_lines": 0, "excluded_lines": 0, "percent_statements_covered": 100.0, "percent_statements_covered_display": "100"}, "missing_lines": [], "excluded_lines": [], "functions": {"": {"executed_lines": [], "summary": {"covered_lines": 0, "num_statements": 0, "percent_covered": 100.0, "percent_covered_display": "100", "missing_lines": 0, "excluded_lines": 0, "percent_statements_covered": 100.0, "percent_statements_covered_display": "100"}, "missing_lines": [], "excluded_lines": [], "start_line": 1}}, "classes": {"": {"executed_lines": [], "summary": {"covered_lines": 0, "num_statements": 0, "percent_covered": 100.0, "percent_covered_display": "100", "missing_lines": 0, "excluded_lines": 0, "percent_statements_covered": 100.0, "percent_statements_covered_display": "100"}, "missing_lines": [], "excluded_lines": [], "start_line": 1}}}, "sfce\\reglas\\aprendizaje\\__init__.py": {"executed_lines": [], "summary": {"covered_lines": 0, "num_statements": 0, "percent_covered": 100.0, "percent_covered_display": "100", "missing_lines": 0, "excluded_lines": 0, "percent_statements_covered": 100.0, "percent_statements_covered_display": "100"}, "missing_lines": [], "excluded_lines": [], "functions": {"": {"executed_lines": [], "summary": {"covered_lines": 0, "num_statements": 0, "percent_covered": 100.0, "percent_covered_display": "100", "missing_lines": 0, "excluded_lines": 0, "percent_statements_covered": 100.0, "percent_statements_covered_display": "100"}, "missing_lines": [], "excluded_lines": [], "start_line": 1}}, "classes": {"": {"executed_lines": [], "summary": {"covered_lines": 0, "num_statements": 0, "percent_covered": 100.0, "percent_covered_display": "100", "missing_lines": 0, "excluded_lines": 0, "percent_statements_covered": 100.0, "percent_statements_covered_display": "100"}, "missing_lines": [], "excluded_lines": [], "start_line": 1}}}, "sfce\\reglas\\negocio\\__init__.py": {"executed_lines": [], "summary": {"covered_lines": 0, "num_statements": 0, "percent_covered": 100.0, "percent_covered_display": "100", "missing_lines": 0, "excluded_lines": 0, "percent_statements_covered": 100.0, "percent_statements_covered_display": "100"}, "missing_lines": [], "excluded_lines": [], "functions": {"": {"executed_lines": [], "summary": {"covered_lines": 0, "num_statements": 0, "percent_covered": 100.0, "percent_covered_display": "100", "missing_lines": 0, "excluded_lines": 0, "percent_statements_covered": 100.0, "percent_statements_covered_display": "100"}, "missing_lines": [], "excluded_lines": [], "start_line": 1}}, "classes": {"": {"executed_lines": [], "summary": {"covered_lines": 0, "num_statements": 0, "percent_covered": 100.0, "percent_covered_display": "100", "missing_lines": 0, "excluded_lines": 0, "percent_statements_covered": 100.0, "percent_statements_covered_display": "100"}, "missing_lines": [], "excluded_lines": [], "start_line": 1}}}, "sfce\\reglas\\pgc\\__init__.py": {"executed_lines": [], "summary": {"covered_lines": 0, "num_statements": 0, "percent_covered": 100.0, "percent_covered_display": "100", "missing_lines": 0, "excluded_lines": 0, "percent_statements_covered": 100.0, "percent_statements_covered_display": "100"}, "missing_lines": [], "excluded_lines": [], "functions": {"": {"executed_lines": [], "summary": {"covered_lines": 0, "num_statements": 0, "percent_covered": 100.0, "percent_covered_display": "100", "missing_lines": 0, "excluded_lines": 0, "percent_statements_covered": 100.0, "percent_statements_covered_display": "100"}, "missing_lines": [], "excluded_lines": [], "start_line": 1}}, "classes": {"": {"executed_lines": [], "summary": {"covered_lines": 0, "num_statements": 0, "percent_covered": 100.0, "percent_covered_display": "100", "missing_lines": 0, "excluded_lines": 0, "percent_statements_covered": 100.0, "percent_statements_covered_display": "100"}, "missing_lines": [], "excluded_lines": [], "start_line": 1}}}}, "totals": {"covered_lines": 10834, "num_statements": 16693, "percent_covered": 64.901455699994, "percent_covered_display": "65", "missing_lines": 5859, "excluded_lines": 4, "percent_statements_covered": 64.901455699994, "percent_statements_covered_display": "65"}}